[22-Apr-2025 07:25:08 UTC] PHP Fatal error:  Uncaught Error: Call to a member function get_id() on null in C:\Users\tania\Local Sites\la-vie-des-plantes\app\public\wp-content\plugins\woolentor-addons\woolentor-blocks\includes\classes\Api\Api.php:354
Stack trace:
#0 C:\Users\tania\Local Sites\la-vie-des-plantes\app\public\wp-includes\rest-api\class-wp-rest-server.php(1292): WooLentorBlocks\Api\Api->get_last_product_data(Object(WP_REST_Request))
#1 C:\Users\tania\Local Sites\la-vie-des-plantes\app\public\wp-includes\rest-api\class-wp-rest-server.php(1125): WP_REST_Server->respond_to_request(Object(WP_REST_Request), '/woolentor/v1/s...', Array, NULL)
#2 C:\Users\tania\Local Sites\la-vie-des-plantes\app\public\wp-includes\rest-api\class-wp-rest-server.php(439): WP_REST_Server->dispatch(Object(WP_REST_Request))
#3 C:\Users\tania\Local Sites\la-vie-des-plantes\app\public\wp-includes\rest-api.php(449): WP_REST_Server->serve_request('/woolentor/v1/s...')
#4 C:\Users\tania\Local Sites\la-vie-des-plantes\app\public\wp-includes\class-wp-hook.php(324): rest_api_loaded(Object(WP))
#5 C:\Users\tania\Local Sites\la-vie-des-plantes\app\public\wp-includes\class-wp-hook.php(348): WP_Hook->apply_filters(NULL, Array)
#6 C:\Users\tania\Local Sites\la-vie-des-plantes\app\public\wp-includes\plugin.php(565): WP_Hook->do_action(Array)
#7 C:\Users\tania\Local Sites\la-vie-des-plantes\app\public\wp-includes\class-wp.php(418): do_action_ref_array('parse_request', Array)
#8 C:\Users\tania\Local Sites\la-vie-des-plantes\app\public\wp-includes\class-wp.php(813): WP->parse_request('')
#9 C:\Users\tania\Local Sites\la-vie-des-plantes\app\public\wp-includes\functions.php(1336): WP->main('')
#10 C:\Users\tania\Local Sites\la-vie-des-plantes\app\public\wp-blog-header.php(16): wp()
#11 C:\Users\tania\Local Sites\la-vie-des-plantes\app\public\index.php(17): require('C:\\Users\\tania\\...')
#12 {main}
  thrown in C:\Users\tania\Local Sites\la-vie-des-plantes\app\public\wp-content\plugins\woolentor-addons\woolentor-blocks\includes\classes\Api\Api.php on line 354
[22-Apr-2025 07:26:45 UTC] PHP Warning:  copy(C:/Users/tania/Local Sites/la-vie-des-plantes/app/public/wp-content//bcf-fonts/Noto Sans/noto-sans-500italic-italic4.woff2): Failed to open stream: No such file or directory in C:\Users\tania\Local Sites\la-vie-des-plantes\app\public\wp-admin\includes\class-wp-filesystem-direct.php on line 309
[22-Apr-2025 07:26:46 UTC] PHP Warning:  copy(C:/Users/tania/Local Sites/la-vie-des-plantes/app/public/wp-content//bcf-fonts/Noto Sans/noto-sans-500italic-italic5.woff2): Failed to open stream: No such file or directory in C:\Users\tania\Local Sites\la-vie-des-plantes\app\public\wp-admin\includes\class-wp-filesystem-direct.php on line 309
[22-Apr-2025 07:26:46 UTC] PHP Warning:  copy(C:/Users/tania/Local Sites/la-vie-des-plantes/app/public/wp-content//bcf-fonts/Noto Sans/noto-sans-500italic-italic6.woff2): Failed to open stream: No such file or directory in C:\Users\tania\Local Sites\la-vie-des-plantes\app\public\wp-admin\includes\class-wp-filesystem-direct.php on line 309
[22-Apr-2025 07:26:47 UTC] PHP Warning:  copy(C:/Users/tania/Local Sites/la-vie-des-plantes/app/public/wp-content//bcf-fonts/Noto Sans/noto-sans-500italic-italic7.woff2): Failed to open stream: No such file or directory in C:\Users\tania\Local Sites\la-vie-des-plantes\app\public\wp-admin\includes\class-wp-filesystem-direct.php on line 309
[22-Apr-2025 07:30:53 UTC] PHP Fatal error:  Uncaught Error: Call to a member function get_id() on null in C:\Users\tania\Local Sites\la-vie-des-plantes\app\public\wp-content\plugins\woolentor-addons\woolentor-blocks\includes\classes\Api\Api.php:354
Stack trace:
#0 C:\Users\tania\Local Sites\la-vie-des-plantes\app\public\wp-includes\rest-api\class-wp-rest-server.php(1292): WooLentorBlocks\Api\Api->get_last_product_data(Object(WP_REST_Request))
#1 C:\Users\tania\Local Sites\la-vie-des-plantes\app\public\wp-includes\rest-api\class-wp-rest-server.php(1125): WP_REST_Server->respond_to_request(Object(WP_REST_Request), '/woolentor/v1/s...', Array, NULL)
#2 C:\Users\tania\Local Sites\la-vie-des-plantes\app\public\wp-includes\rest-api\class-wp-rest-server.php(439): WP_REST_Server->dispatch(Object(WP_REST_Request))
#3 C:\Users\tania\Local Sites\la-vie-des-plantes\app\public\wp-includes\rest-api.php(449): WP_REST_Server->serve_request('/woolentor/v1/s...')
#4 C:\Users\tania\Local Sites\la-vie-des-plantes\app\public\wp-includes\class-wp-hook.php(324): rest_api_loaded(Object(WP))
#5 C:\Users\tania\Local Sites\la-vie-des-plantes\app\public\wp-includes\class-wp-hook.php(348): WP_Hook->apply_filters(NULL, Array)
#6 C:\Users\tania\Local Sites\la-vie-des-plantes\app\public\wp-includes\plugin.php(565): WP_Hook->do_action(Array)
#7 C:\Users\tania\Local Sites\la-vie-des-plantes\app\public\wp-includes\class-wp.php(418): do_action_ref_array('parse_request', Array)
#8 C:\Users\tania\Local Sites\la-vie-des-plantes\app\public\wp-includes\class-wp.php(813): WP->parse_request('')
#9 C:\Users\tania\Local Sites\la-vie-des-plantes\app\public\wp-includes\functions.php(1336): WP->main('')
#10 C:\Users\tania\Local Sites\la-vie-des-plantes\app\public\wp-blog-header.php(16): wp()
#11 C:\Users\tania\Local Sites\la-vie-des-plantes\app\public\index.php(17): require('C:\\Users\\tania\\...')
#12 {main}
  thrown in C:\Users\tania\Local Sites\la-vie-des-plantes\app\public\wp-content\plugins\woolentor-addons\woolentor-blocks\includes\classes\Api\Api.php on line 354
[22-Apr-2025 07:31:54 UTC] PHP Fatal error:  Uncaught Error: Call to a member function get_id() on null in C:\Users\tania\Local Sites\la-vie-des-plantes\app\public\wp-content\plugins\woolentor-addons\woolentor-blocks\includes\classes\Api\Api.php:354
Stack trace:
#0 C:\Users\tania\Local Sites\la-vie-des-plantes\app\public\wp-includes\rest-api\class-wp-rest-server.php(1292): WooLentorBlocks\Api\Api->get_last_product_data(Object(WP_REST_Request))
#1 C:\Users\tania\Local Sites\la-vie-des-plantes\app\public\wp-includes\rest-api\class-wp-rest-server.php(1125): WP_REST_Server->respond_to_request(Object(WP_REST_Request), '/woolentor/v1/s...', Array, NULL)
#2 C:\Users\tania\Local Sites\la-vie-des-plantes\app\public\wp-includes\rest-api\class-wp-rest-server.php(439): WP_REST_Server->dispatch(Object(WP_REST_Request))
#3 C:\Users\tania\Local Sites\la-vie-des-plantes\app\public\wp-includes\rest-api.php(449): WP_REST_Server->serve_request('/woolentor/v1/s...')
#4 C:\Users\tania\Local Sites\la-vie-des-plantes\app\public\wp-includes\class-wp-hook.php(324): rest_api_loaded(Object(WP))
#5 C:\Users\tania\Local Sites\la-vie-des-plantes\app\public\wp-includes\class-wp-hook.php(348): WP_Hook->apply_filters(NULL, Array)
#6 C:\Users\tania\Local Sites\la-vie-des-plantes\app\public\wp-includes\plugin.php(565): WP_Hook->do_action(Array)
#7 C:\Users\tania\Local Sites\la-vie-des-plantes\app\public\wp-includes\class-wp.php(418): do_action_ref_array('parse_request', Array)
#8 C:\Users\tania\Local Sites\la-vie-des-plantes\app\public\wp-includes\class-wp.php(813): WP->parse_request('')
#9 C:\Users\tania\Local Sites\la-vie-des-plantes\app\public\wp-includes\functions.php(1336): WP->main('')
#10 C:\Users\tania\Local Sites\la-vie-des-plantes\app\public\wp-blog-header.php(16): wp()
#11 C:\Users\tania\Local Sites\la-vie-des-plantes\app\public\index.php(17): require('C:\\Users\\tania\\...')
#12 {main}
  thrown in C:\Users\tania\Local Sites\la-vie-des-plantes\app\public\wp-content\plugins\woolentor-addons\woolentor-blocks\includes\classes\Api\Api.php on line 354
[22-Apr-2025 07:33:58 UTC] [Image Optimizer]: info in ImageOptimization\Modules\Core\Components\Migrations->run_migration(): The migration `fix_optimized_size_keys` successfully executed.
[22-Apr-2025 07:34:00 UTC] [Image Optimizer]: info in ImageOptimization\Modules\ConnectManager\Components\Connect->get_connect_status(): Status check error. Reason: User is not connected
[22-Apr-2025 07:34:04 UTC] [Image Optimizer]: info in ImageOptimization\Modules\Core\Components\Migrations->run_migration(): The migration `fix_mime_type` successfully executed.
[22-Apr-2025 07:34:10 UTC] [Image Optimizer]: info in ImageOptimization\Modules\Core\Components\Migrations->run_migration(): The migration `fix_avif_with_zero_dimensions` successfully executed.
[22-Apr-2025 07:34:19 UTC] [Image Optimizer]: info in ImageOptimization\Modules\ConnectManager\Components\Connect->get_connect_status(): Status check error. Reason: User is not connected
[22-Apr-2025 08:20:48 UTC] [Image Optimizer]: info in ImageOptimization\Modules\ConnectManager\Components\Connect->get_connect_status(): Status check error. Reason: User is not connected
[22-Apr-2025 08:20:58 UTC] [Image Optimizer]: info in ImageOptimization\Modules\ConnectManager\Components\Connect->get_connect_status(): Status check error. Reason: User is not connected
[22-Apr-2025 08:21:05 UTC] [Image Optimizer]: info in ImageOptimization\Modules\ConnectManager\Components\Connect->get_connect_status(): Status check error. Reason: User is not connected
[22-Apr-2025 08:21:09 UTC] [Image Optimizer]: info in ImageOptimization\Modules\ConnectManager\Components\Connect->get_connect_status(): Status check error. Reason: User is not connected
[22-Apr-2025 08:21:16 UTC] [Image Optimizer]: info in ImageOptimization\Modules\ConnectManager\Components\Connect->get_connect_status(): Status check error. Reason: User is not connected
[22-Apr-2025 08:21:22 UTC] [Image Optimizer]: info in ImageOptimization\Modules\ConnectManager\Components\Connect->get_connect_status(): Status check error. Reason: User is not connected
[22-Apr-2025 08:21:24 UTC] [Image Optimizer]: info in ImageOptimization\Modules\ConnectManager\Components\Connect->get_connect_status(): Status check error. Reason: User is not connected
[22-Apr-2025 08:21:29 UTC] [Image Optimizer]: info in ImageOptimization\Modules\ConnectManager\Components\Connect->get_connect_status(): Status check error. Reason: User is not connected
[22-Apr-2025 08:21:34 UTC] [Image Optimizer]: info in ImageOptimization\Modules\ConnectManager\Components\Connect->get_connect_status(): Status check error. Reason: User is not connected
[22-Apr-2025 08:21:41 UTC] [Image Optimizer]: info in ImageOptimization\Modules\ConnectManager\Components\Connect->get_connect_status(): Status check error. Reason: User is not connected
[22-Apr-2025 08:21:46 UTC] [Image Optimizer]: info in ImageOptimization\Modules\ConnectManager\Components\Connect->get_connect_status(): Status check error. Reason: User is not connected
[22-Apr-2025 08:24:13 UTC] PHP Fatal error:  Uncaught Error: Call to a member function get_id() on null in C:\Users\tania\Local Sites\la-vie-des-plantes\app\public\wp-content\plugins\woolentor-addons\woolentor-blocks\includes\classes\Api\Api.php:354
Stack trace:
#0 C:\Users\tania\Local Sites\la-vie-des-plantes\app\public\wp-includes\rest-api\class-wp-rest-server.php(1292): WooLentorBlocks\Api\Api->get_last_product_data(Object(WP_REST_Request))
#1 C:\Users\tania\Local Sites\la-vie-des-plantes\app\public\wp-includes\rest-api\class-wp-rest-server.php(1125): WP_REST_Server->respond_to_request(Object(WP_REST_Request), '/woolentor/v1/s...', Array, NULL)
#2 C:\Users\tania\Local Sites\la-vie-des-plantes\app\public\wp-includes\rest-api\class-wp-rest-server.php(439): WP_REST_Server->dispatch(Object(WP_REST_Request))
#3 C:\Users\tania\Local Sites\la-vie-des-plantes\app\public\wp-includes\rest-api.php(449): WP_REST_Server->serve_request('/woolentor/v1/s...')
#4 C:\Users\tania\Local Sites\la-vie-des-plantes\app\public\wp-includes\class-wp-hook.php(324): rest_api_loaded(Object(WP))
#5 C:\Users\tania\Local Sites\la-vie-des-plantes\app\public\wp-includes\class-wp-hook.php(348): WP_Hook->apply_filters(NULL, Array)
#6 C:\Users\tania\Local Sites\la-vie-des-plantes\app\public\wp-includes\plugin.php(565): WP_Hook->do_action(Array)
#7 C:\Users\tania\Local Sites\la-vie-des-plantes\app\public\wp-includes\class-wp.php(418): do_action_ref_array('parse_request', Array)
#8 C:\Users\tania\Local Sites\la-vie-des-plantes\app\public\wp-includes\class-wp.php(813): WP->parse_request('')
#9 C:\Users\tania\Local Sites\la-vie-des-plantes\app\public\wp-includes\functions.php(1336): WP->main('')
#10 C:\Users\tania\Local Sites\la-vie-des-plantes\app\public\wp-blog-header.php(16): wp()
#11 C:\Users\tania\Local Sites\la-vie-des-plantes\app\public\index.php(17): require('C:\\Users\\tania\\...')
#12 {main}
  thrown in C:\Users\tania\Local Sites\la-vie-des-plantes\app\public\wp-content\plugins\woolentor-addons\woolentor-blocks\includes\classes\Api\Api.php on line 354
[22-Apr-2025 08:24:24 UTC] PHP Fatal error:  Uncaught Error: Call to a member function get_id() on null in C:\Users\tania\Local Sites\la-vie-des-plantes\app\public\wp-content\plugins\woolentor-addons\woolentor-blocks\includes\classes\Api\Api.php:354
Stack trace:
#0 C:\Users\tania\Local Sites\la-vie-des-plantes\app\public\wp-includes\rest-api\class-wp-rest-server.php(1292): WooLentorBlocks\Api\Api->get_last_product_data(Object(WP_REST_Request))
#1 C:\Users\tania\Local Sites\la-vie-des-plantes\app\public\wp-includes\rest-api\class-wp-rest-server.php(1125): WP_REST_Server->respond_to_request(Object(WP_REST_Request), '/woolentor/v1/s...', Array, NULL)
#2 C:\Users\tania\Local Sites\la-vie-des-plantes\app\public\wp-includes\rest-api\class-wp-rest-server.php(439): WP_REST_Server->dispatch(Object(WP_REST_Request))
#3 C:\Users\tania\Local Sites\la-vie-des-plantes\app\public\wp-includes\rest-api.php(449): WP_REST_Server->serve_request('/woolentor/v1/s...')
#4 C:\Users\tania\Local Sites\la-vie-des-plantes\app\public\wp-includes\class-wp-hook.php(324): rest_api_loaded(Object(WP))
#5 C:\Users\tania\Local Sites\la-vie-des-plantes\app\public\wp-includes\class-wp-hook.php(348): WP_Hook->apply_filters(NULL, Array)
#6 C:\Users\tania\Local Sites\la-vie-des-plantes\app\public\wp-includes\plugin.php(565): WP_Hook->do_action(Array)
#7 C:\Users\tania\Local Sites\la-vie-des-plantes\app\public\wp-includes\class-wp.php(418): do_action_ref_array('parse_request', Array)
#8 C:\Users\tania\Local Sites\la-vie-des-plantes\app\public\wp-includes\class-wp.php(813): WP->parse_request('')
#9 C:\Users\tania\Local Sites\la-vie-des-plantes\app\public\wp-includes\functions.php(1336): WP->main('')
#10 C:\Users\tania\Local Sites\la-vie-des-plantes\app\public\wp-blog-header.php(16): wp()
#11 C:\Users\tania\Local Sites\la-vie-des-plantes\app\public\index.php(17): require('C:\\Users\\tania\\...')
#12 {main}
  thrown in C:\Users\tania\Local Sites\la-vie-des-plantes\app\public\wp-content\plugins\woolentor-addons\woolentor-blocks\includes\classes\Api\Api.php on line 354
[22-Apr-2025 08:28:36 UTC] PHP Fatal error:  Uncaught Error: Call to a member function get_id() on null in C:\Users\tania\Local Sites\la-vie-des-plantes\app\public\wp-content\plugins\woolentor-addons\woolentor-blocks\includes\classes\Api\Api.php:354
Stack trace:
#0 C:\Users\tania\Local Sites\la-vie-des-plantes\app\public\wp-includes\rest-api\class-wp-rest-server.php(1292): WooLentorBlocks\Api\Api->get_last_product_data(Object(WP_REST_Request))
#1 C:\Users\tania\Local Sites\la-vie-des-plantes\app\public\wp-includes\rest-api\class-wp-rest-server.php(1125): WP_REST_Server->respond_to_request(Object(WP_REST_Request), '/woolentor/v1/s...', Array, NULL)
#2 C:\Users\tania\Local Sites\la-vie-des-plantes\app\public\wp-includes\rest-api\class-wp-rest-server.php(439): WP_REST_Server->dispatch(Object(WP_REST_Request))
#3 C:\Users\tania\Local Sites\la-vie-des-plantes\app\public\wp-includes\rest-api.php(449): WP_REST_Server->serve_request('/woolentor/v1/s...')
#4 C:\Users\tania\Local Sites\la-vie-des-plantes\app\public\wp-includes\class-wp-hook.php(324): rest_api_loaded(Object(WP))
#5 C:\Users\tania\Local Sites\la-vie-des-plantes\app\public\wp-includes\class-wp-hook.php(348): WP_Hook->apply_filters(NULL, Array)
#6 C:\Users\tania\Local Sites\la-vie-des-plantes\app\public\wp-includes\plugin.php(565): WP_Hook->do_action(Array)
#7 C:\Users\tania\Local Sites\la-vie-des-plantes\app\public\wp-includes\class-wp.php(418): do_action_ref_array('parse_request', Array)
#8 C:\Users\tania\Local Sites\la-vie-des-plantes\app\public\wp-includes\class-wp.php(813): WP->parse_request('')
#9 C:\Users\tania\Local Sites\la-vie-des-plantes\app\public\wp-includes\functions.php(1336): WP->main('')
#10 C:\Users\tania\Local Sites\la-vie-des-plantes\app\public\wp-blog-header.php(16): wp()
#11 C:\Users\tania\Local Sites\la-vie-des-plantes\app\public\index.php(17): require('C:\\Users\\tania\\...')
#12 {main}
  thrown in C:\Users\tania\Local Sites\la-vie-des-plantes\app\public\wp-content\plugins\woolentor-addons\woolentor-blocks\includes\classes\Api\Api.php on line 354
[22-Apr-2025 08:31:29 UTC] PHP Fatal error:  Uncaught Error: Call to a member function get_id() on null in C:\Users\tania\Local Sites\la-vie-des-plantes\app\public\wp-content\plugins\woolentor-addons\woolentor-blocks\includes\classes\Api\Api.php:354
Stack trace:
#0 C:\Users\tania\Local Sites\la-vie-des-plantes\app\public\wp-includes\rest-api\class-wp-rest-server.php(1292): WooLentorBlocks\Api\Api->get_last_product_data(Object(WP_REST_Request))
#1 C:\Users\tania\Local Sites\la-vie-des-plantes\app\public\wp-includes\rest-api\class-wp-rest-server.php(1125): WP_REST_Server->respond_to_request(Object(WP_REST_Request), '/woolentor/v1/s...', Array, NULL)
#2 C:\Users\tania\Local Sites\la-vie-des-plantes\app\public\wp-includes\rest-api\class-wp-rest-server.php(439): WP_REST_Server->dispatch(Object(WP_REST_Request))
#3 C:\Users\tania\Local Sites\la-vie-des-plantes\app\public\wp-includes\rest-api.php(449): WP_REST_Server->serve_request('/woolentor/v1/s...')
#4 C:\Users\tania\Local Sites\la-vie-des-plantes\app\public\wp-includes\class-wp-hook.php(324): rest_api_loaded(Object(WP))
#5 C:\Users\tania\Local Sites\la-vie-des-plantes\app\public\wp-includes\class-wp-hook.php(348): WP_Hook->apply_filters(NULL, Array)
#6 C:\Users\tania\Local Sites\la-vie-des-plantes\app\public\wp-includes\plugin.php(565): WP_Hook->do_action(Array)
#7 C:\Users\tania\Local Sites\la-vie-des-plantes\app\public\wp-includes\class-wp.php(418): do_action_ref_array('parse_request', Array)
#8 C:\Users\tania\Local Sites\la-vie-des-plantes\app\public\wp-includes\class-wp.php(813): WP->parse_request('')
#9 C:\Users\tania\Local Sites\la-vie-des-plantes\app\public\wp-includes\functions.php(1336): WP->main('')
#10 C:\Users\tania\Local Sites\la-vie-des-plantes\app\public\wp-blog-header.php(16): wp()
#11 C:\Users\tania\Local Sites\la-vie-des-plantes\app\public\index.php(17): require('C:\\Users\\tania\\...')
#12 {main}
  thrown in C:\Users\tania\Local Sites\la-vie-des-plantes\app\public\wp-content\plugins\woolentor-addons\woolentor-blocks\includes\classes\Api\Api.php on line 354
[22-Apr-2025 08:38:44 UTC] PHP Fatal error:  Uncaught Error: Call to a member function get_id() on null in C:\Users\tania\Local Sites\la-vie-des-plantes\app\public\wp-content\plugins\woolentor-addons\woolentor-blocks\includes\classes\Api\Api.php:354
Stack trace:
#0 C:\Users\tania\Local Sites\la-vie-des-plantes\app\public\wp-includes\rest-api\class-wp-rest-server.php(1292): WooLentorBlocks\Api\Api->get_last_product_data(Object(WP_REST_Request))
#1 C:\Users\tania\Local Sites\la-vie-des-plantes\app\public\wp-includes\rest-api\class-wp-rest-server.php(1125): WP_REST_Server->respond_to_request(Object(WP_REST_Request), '/woolentor/v1/s...', Array, NULL)
#2 C:\Users\tania\Local Sites\la-vie-des-plantes\app\public\wp-includes\rest-api\class-wp-rest-server.php(439): WP_REST_Server->dispatch(Object(WP_REST_Request))
#3 C:\Users\tania\Local Sites\la-vie-des-plantes\app\public\wp-includes\rest-api.php(449): WP_REST_Server->serve_request('/woolentor/v1/s...')
#4 C:\Users\tania\Local Sites\la-vie-des-plantes\app\public\wp-includes\class-wp-hook.php(324): rest_api_loaded(Object(WP))
#5 C:\Users\tania\Local Sites\la-vie-des-plantes\app\public\wp-includes\class-wp-hook.php(348): WP_Hook->apply_filters(NULL, Array)
#6 C:\Users\tania\Local Sites\la-vie-des-plantes\app\public\wp-includes\plugin.php(565): WP_Hook->do_action(Array)
#7 C:\Users\tania\Local Sites\la-vie-des-plantes\app\public\wp-includes\class-wp.php(418): do_action_ref_array('parse_request', Array)
#8 C:\Users\tania\Local Sites\la-vie-des-plantes\app\public\wp-includes\class-wp.php(813): WP->parse_request('')
#9 C:\Users\tania\Local Sites\la-vie-des-plantes\app\public\wp-includes\functions.php(1336): WP->main('')
#10 C:\Users\tania\Local Sites\la-vie-des-plantes\app\public\wp-blog-header.php(16): wp()
#11 C:\Users\tania\Local Sites\la-vie-des-plantes\app\public\index.php(17): require('C:\\Users\\tania\\...')
#12 {main}
  thrown in C:\Users\tania\Local Sites\la-vie-des-plantes\app\public\wp-content\plugins\woolentor-addons\woolentor-blocks\includes\classes\Api\Api.php on line 354
[22-Apr-2025 08:38:46 UTC] PHP Fatal error:  Uncaught Error: Call to a member function get_id() on null in C:\Users\tania\Local Sites\la-vie-des-plantes\app\public\wp-content\plugins\woolentor-addons\woolentor-blocks\includes\classes\Api\Api.php:354
Stack trace:
#0 C:\Users\tania\Local Sites\la-vie-des-plantes\app\public\wp-includes\rest-api\class-wp-rest-server.php(1292): WooLentorBlocks\Api\Api->get_last_product_data(Object(WP_REST_Request))
#1 C:\Users\tania\Local Sites\la-vie-des-plantes\app\public\wp-includes\rest-api\class-wp-rest-server.php(1125): WP_REST_Server->respond_to_request(Object(WP_REST_Request), '/woolentor/v1/s...', Array, NULL)
#2 C:\Users\tania\Local Sites\la-vie-des-plantes\app\public\wp-includes\rest-api\class-wp-rest-server.php(439): WP_REST_Server->dispatch(Object(WP_REST_Request))
#3 C:\Users\tania\Local Sites\la-vie-des-plantes\app\public\wp-includes\rest-api.php(449): WP_REST_Server->serve_request('/woolentor/v1/s...')
#4 C:\Users\tania\Local Sites\la-vie-des-plantes\app\public\wp-includes\class-wp-hook.php(324): rest_api_loaded(Object(WP))
#5 C:\Users\tania\Local Sites\la-vie-des-plantes\app\public\wp-includes\class-wp-hook.php(348): WP_Hook->apply_filters(NULL, Array)
#6 C:\Users\tania\Local Sites\la-vie-des-plantes\app\public\wp-includes\plugin.php(565): WP_Hook->do_action(Array)
#7 C:\Users\tania\Local Sites\la-vie-des-plantes\app\public\wp-includes\class-wp.php(418): do_action_ref_array('parse_request', Array)
#8 C:\Users\tania\Local Sites\la-vie-des-plantes\app\public\wp-includes\class-wp.php(813): WP->parse_request('')
#9 C:\Users\tania\Local Sites\la-vie-des-plantes\app\public\wp-includes\functions.php(1336): WP->main('')
#10 C:\Users\tania\Local Sites\la-vie-des-plantes\app\public\wp-blog-header.php(16): wp()
#11 C:\Users\tania\Local Sites\la-vie-des-plantes\app\public\index.php(17): require('C:\\Users\\tania\\...')
#12 {main}
  thrown in C:\Users\tania\Local Sites\la-vie-des-plantes\app\public\wp-content\plugins\woolentor-addons\woolentor-blocks\includes\classes\Api\Api.php on line 354
[22-Apr-2025 10:50:25 UTC] PHP Fatal error:  Uncaught Error: Call to a member function get_id() on null in C:\Users\tania\Local Sites\la-vie-des-plantes\app\public\wp-content\plugins\woolentor-addons\woolentor-blocks\includes\classes\Api\Api.php:354
Stack trace:
#0 C:\Users\tania\Local Sites\la-vie-des-plantes\app\public\wp-includes\rest-api\class-wp-rest-server.php(1292): WooLentorBlocks\Api\Api->get_last_product_data(Object(WP_REST_Request))
#1 C:\Users\tania\Local Sites\la-vie-des-plantes\app\public\wp-includes\rest-api\class-wp-rest-server.php(1125): WP_REST_Server->respond_to_request(Object(WP_REST_Request), '/woolentor/v1/s...', Array, NULL)
#2 C:\Users\tania\Local Sites\la-vie-des-plantes\app\public\wp-includes\rest-api\class-wp-rest-server.php(439): WP_REST_Server->dispatch(Object(WP_REST_Request))
#3 C:\Users\tania\Local Sites\la-vie-des-plantes\app\public\wp-includes\rest-api.php(449): WP_REST_Server->serve_request('/woolentor/v1/s...')
#4 C:\Users\tania\Local Sites\la-vie-des-plantes\app\public\wp-includes\class-wp-hook.php(324): rest_api_loaded(Object(WP))
#5 C:\Users\tania\Local Sites\la-vie-des-plantes\app\public\wp-includes\class-wp-hook.php(348): WP_Hook->apply_filters(NULL, Array)
#6 C:\Users\tania\Local Sites\la-vie-des-plantes\app\public\wp-includes\plugin.php(565): WP_Hook->do_action(Array)
#7 C:\Users\tania\Local Sites\la-vie-des-plantes\app\public\wp-includes\class-wp.php(418): do_action_ref_array('parse_request', Array)
#8 C:\Users\tania\Local Sites\la-vie-des-plantes\app\public\wp-includes\class-wp.php(813): WP->parse_request('')
#9 C:\Users\tania\Local Sites\la-vie-des-plantes\app\public\wp-includes\functions.php(1336): WP->main('')
#10 C:\Users\tania\Local Sites\la-vie-des-plantes\app\public\wp-blog-header.php(16): wp()
#11 C:\Users\tania\Local Sites\la-vie-des-plantes\app\public\index.php(17): require('C:\\Users\\tania\\...')
#12 {main}
  thrown in C:\Users\tania\Local Sites\la-vie-des-plantes\app\public\wp-content\plugins\woolentor-addons\woolentor-blocks\includes\classes\Api\Api.php on line 354
[22-Apr-2025 10:51:13 UTC] PHP Fatal error:  Uncaught Error: Call to a member function get_id() on null in C:\Users\tania\Local Sites\la-vie-des-plantes\app\public\wp-content\plugins\woolentor-addons\woolentor-blocks\includes\classes\Api\Api.php:354
Stack trace:
#0 C:\Users\tania\Local Sites\la-vie-des-plantes\app\public\wp-includes\rest-api\class-wp-rest-server.php(1292): WooLentorBlocks\Api\Api->get_last_product_data(Object(WP_REST_Request))
#1 C:\Users\tania\Local Sites\la-vie-des-plantes\app\public\wp-includes\rest-api\class-wp-rest-server.php(1125): WP_REST_Server->respond_to_request(Object(WP_REST_Request), '/woolentor/v1/s...', Array, NULL)
#2 C:\Users\tania\Local Sites\la-vie-des-plantes\app\public\wp-includes\rest-api\class-wp-rest-server.php(439): WP_REST_Server->dispatch(Object(WP_REST_Request))
#3 C:\Users\tania\Local Sites\la-vie-des-plantes\app\public\wp-includes\rest-api.php(449): WP_REST_Server->serve_request('/woolentor/v1/s...')
#4 C:\Users\tania\Local Sites\la-vie-des-plantes\app\public\wp-includes\class-wp-hook.php(324): rest_api_loaded(Object(WP))
#5 C:\Users\tania\Local Sites\la-vie-des-plantes\app\public\wp-includes\class-wp-hook.php(348): WP_Hook->apply_filters(NULL, Array)
#6 C:\Users\tania\Local Sites\la-vie-des-plantes\app\public\wp-includes\plugin.php(565): WP_Hook->do_action(Array)
#7 C:\Users\tania\Local Sites\la-vie-des-plantes\app\public\wp-includes\class-wp.php(418): do_action_ref_array('parse_request', Array)
#8 C:\Users\tania\Local Sites\la-vie-des-plantes\app\public\wp-includes\class-wp.php(813): WP->parse_request('')
#9 C:\Users\tania\Local Sites\la-vie-des-plantes\app\public\wp-includes\functions.php(1336): WP->main('')
#10 C:\Users\tania\Local Sites\la-vie-des-plantes\app\public\wp-blog-header.php(16): wp()
#11 C:\Users\tania\Local Sites\la-vie-des-plantes\app\public\index.php(17): require('C:\\Users\\tania\\...')
#12 {main}
  thrown in C:\Users\tania\Local Sites\la-vie-des-plantes\app\public\wp-content\plugins\woolentor-addons\woolentor-blocks\includes\classes\Api\Api.php on line 354
[22-Apr-2025 10:51:31 UTC] PHP Fatal error:  Uncaught Error: Call to a member function get_id() on null in C:\Users\tania\Local Sites\la-vie-des-plantes\app\public\wp-content\plugins\woolentor-addons\woolentor-blocks\includes\classes\Api\Api.php:354
Stack trace:
#0 C:\Users\tania\Local Sites\la-vie-des-plantes\app\public\wp-includes\rest-api\class-wp-rest-server.php(1292): WooLentorBlocks\Api\Api->get_last_product_data(Object(WP_REST_Request))
#1 C:\Users\tania\Local Sites\la-vie-des-plantes\app\public\wp-includes\rest-api\class-wp-rest-server.php(1125): WP_REST_Server->respond_to_request(Object(WP_REST_Request), '/woolentor/v1/s...', Array, NULL)
#2 C:\Users\tania\Local Sites\la-vie-des-plantes\app\public\wp-includes\rest-api\class-wp-rest-server.php(439): WP_REST_Server->dispatch(Object(WP_REST_Request))
#3 C:\Users\tania\Local Sites\la-vie-des-plantes\app\public\wp-includes\rest-api.php(449): WP_REST_Server->serve_request('/woolentor/v1/s...')
#4 C:\Users\tania\Local Sites\la-vie-des-plantes\app\public\wp-includes\class-wp-hook.php(324): rest_api_loaded(Object(WP))
#5 C:\Users\tania\Local Sites\la-vie-des-plantes\app\public\wp-includes\class-wp-hook.php(348): WP_Hook->apply_filters(NULL, Array)
#6 C:\Users\tania\Local Sites\la-vie-des-plantes\app\public\wp-includes\plugin.php(565): WP_Hook->do_action(Array)
#7 C:\Users\tania\Local Sites\la-vie-des-plantes\app\public\wp-includes\class-wp.php(418): do_action_ref_array('parse_request', Array)
#8 C:\Users\tania\Local Sites\la-vie-des-plantes\app\public\wp-includes\class-wp.php(813): WP->parse_request('')
#9 C:\Users\tania\Local Sites\la-vie-des-plantes\app\public\wp-includes\functions.php(1336): WP->main('')
#10 C:\Users\tania\Local Sites\la-vie-des-plantes\app\public\wp-blog-header.php(16): wp()
#11 C:\Users\tania\Local Sites\la-vie-des-plantes\app\public\index.php(17): require('C:\\Users\\tania\\...')
#12 {main}
  thrown in C:\Users\tania\Local Sites\la-vie-des-plantes\app\public\wp-content\plugins\woolentor-addons\woolentor-blocks\includes\classes\Api\Api.php on line 354
[22-Apr-2025 10:51:51 UTC] PHP Fatal error:  Uncaught Error: Call to a member function get_id() on null in C:\Users\tania\Local Sites\la-vie-des-plantes\app\public\wp-content\plugins\woolentor-addons\woolentor-blocks\includes\classes\Api\Api.php:354
Stack trace:
#0 C:\Users\tania\Local Sites\la-vie-des-plantes\app\public\wp-includes\rest-api\class-wp-rest-server.php(1292): WooLentorBlocks\Api\Api->get_last_product_data(Object(WP_REST_Request))
#1 C:\Users\tania\Local Sites\la-vie-des-plantes\app\public\wp-includes\rest-api\class-wp-rest-server.php(1125): WP_REST_Server->respond_to_request(Object(WP_REST_Request), '/woolentor/v1/s...', Array, NULL)
#2 C:\Users\tania\Local Sites\la-vie-des-plantes\app\public\wp-includes\rest-api\class-wp-rest-server.php(439): WP_REST_Server->dispatch(Object(WP_REST_Request))
#3 C:\Users\tania\Local Sites\la-vie-des-plantes\app\public\wp-includes\rest-api.php(449): WP_REST_Server->serve_request('/woolentor/v1/s...')
#4 C:\Users\tania\Local Sites\la-vie-des-plantes\app\public\wp-includes\class-wp-hook.php(324): rest_api_loaded(Object(WP))
#5 C:\Users\tania\Local Sites\la-vie-des-plantes\app\public\wp-includes\class-wp-hook.php(348): WP_Hook->apply_filters(NULL, Array)
#6 C:\Users\tania\Local Sites\la-vie-des-plantes\app\public\wp-includes\plugin.php(565): WP_Hook->do_action(Array)
#7 C:\Users\tania\Local Sites\la-vie-des-plantes\app\public\wp-includes\class-wp.php(418): do_action_ref_array('parse_request', Array)
#8 C:\Users\tania\Local Sites\la-vie-des-plantes\app\public\wp-includes\class-wp.php(813): WP->parse_request('')
#9 C:\Users\tania\Local Sites\la-vie-des-plantes\app\public\wp-includes\functions.php(1336): WP->main('')
#10 C:\Users\tania\Local Sites\la-vie-des-plantes\app\public\wp-blog-header.php(16): wp()
#11 C:\Users\tania\Local Sites\la-vie-des-plantes\app\public\index.php(17): require('C:\\Users\\tania\\...')
#12 {main}
  thrown in C:\Users\tania\Local Sites\la-vie-des-plantes\app\public\wp-content\plugins\woolentor-addons\woolentor-blocks\includes\classes\Api\Api.php on line 354
[22-Apr-2025 10:53:43 UTC] PHP Warning:  Undefined array key "editor_post_id" in C:\Users\tania\Local Sites\la-vie-des-plantes\app\public\wp-content\plugins\elementor\modules\history\revisions-manager.php on line 363
[22-Apr-2025 10:56:32 UTC] PHP Warning:  Undefined array key "editor_post_id" in C:\Users\tania\Local Sites\la-vie-des-plantes\app\public\wp-content\plugins\elementor\modules\history\revisions-manager.php on line 363
[22-Apr-2025 11:19:12 UTC] PHP Fatal error:  Uncaught Error: Call to a member function get_id() on null in C:\Users\tania\Local Sites\la-vie-des-plantes\app\public\wp-content\plugins\woolentor-addons\woolentor-blocks\includes\classes\Api\Api.php:354
Stack trace:
#0 C:\Users\tania\Local Sites\la-vie-des-plantes\app\public\wp-includes\rest-api\class-wp-rest-server.php(1292): WooLentorBlocks\Api\Api->get_last_product_data(Object(WP_REST_Request))
#1 C:\Users\tania\Local Sites\la-vie-des-plantes\app\public\wp-includes\rest-api\class-wp-rest-server.php(1125): WP_REST_Server->respond_to_request(Object(WP_REST_Request), '/woolentor/v1/s...', Array, NULL)
#2 C:\Users\tania\Local Sites\la-vie-des-plantes\app\public\wp-includes\rest-api\class-wp-rest-server.php(439): WP_REST_Server->dispatch(Object(WP_REST_Request))
#3 C:\Users\tania\Local Sites\la-vie-des-plantes\app\public\wp-includes\rest-api.php(449): WP_REST_Server->serve_request('/woolentor/v1/s...')
#4 C:\Users\tania\Local Sites\la-vie-des-plantes\app\public\wp-includes\class-wp-hook.php(324): rest_api_loaded(Object(WP))
#5 C:\Users\tania\Local Sites\la-vie-des-plantes\app\public\wp-includes\class-wp-hook.php(348): WP_Hook->apply_filters(NULL, Array)
#6 C:\Users\tania\Local Sites\la-vie-des-plantes\app\public\wp-includes\plugin.php(565): WP_Hook->do_action(Array)
#7 C:\Users\tania\Local Sites\la-vie-des-plantes\app\public\wp-includes\class-wp.php(418): do_action_ref_array('parse_request', Array)
#8 C:\Users\tania\Local Sites\la-vie-des-plantes\app\public\wp-includes\class-wp.php(813): WP->parse_request('')
#9 C:\Users\tania\Local Sites\la-vie-des-plantes\app\public\wp-includes\functions.php(1336): WP->main('')
#10 C:\Users\tania\Local Sites\la-vie-des-plantes\app\public\wp-blog-header.php(16): wp()
#11 C:\Users\tania\Local Sites\la-vie-des-plantes\app\public\index.php(17): require('C:\\Users\\tania\\...')
#12 {main}
  thrown in C:\Users\tania\Local Sites\la-vie-des-plantes\app\public\wp-content\plugins\woolentor-addons\woolentor-blocks\includes\classes\Api\Api.php on line 354
[22-Apr-2025 11:38:57 UTC] [Image Optimizer]: info in ImageOptimization\Modules\ConnectManager\Components\Connect->get_connect_status(): Status check error. Reason: User is not connected
[22-Apr-2025 11:39:03 UTC] [Image Optimizer]: info in ImageOptimization\Modules\ConnectManager\Components\Connect->get_connect_status(): Status check error. Reason: User is not connected
[22-Apr-2025 11:39:07 UTC] [Image Optimizer]: info in ImageOptimization\Modules\ConnectManager\Components\Connect->get_connect_status(): Status check error. Reason: User is not connected
[22-Apr-2025 11:39:13 UTC] [Image Optimizer]: info in ImageOptimization\Modules\ConnectManager\Components\Connect->get_connect_status(): Status check error. Reason: User is not connected
[22-Apr-2025 11:39:17 UTC] [Image Optimizer]: info in ImageOptimization\Modules\ConnectManager\Components\Connect->get_connect_status(): Status check error. Reason: User is not connected
[22-Apr-2025 11:39:22 UTC] [Image Optimizer]: info in ImageOptimization\Modules\ConnectManager\Components\Connect->get_connect_status(): Status check error. Reason: User is not connected
[22-Apr-2025 11:39:28 UTC] [Image Optimizer]: info in ImageOptimization\Modules\ConnectManager\Components\Connect->get_connect_status(): Status check error. Reason: User is not connected
[22-Apr-2025 11:39:32 UTC] [Image Optimizer]: info in ImageOptimization\Modules\ConnectManager\Components\Connect->get_connect_status(): Status check error. Reason: User is not connected
[22-Apr-2025 11:39:37 UTC] [Image Optimizer]: info in ImageOptimization\Modules\ConnectManager\Components\Connect->get_connect_status(): Status check error. Reason: User is not connected
[22-Apr-2025 11:39:42 UTC] [Image Optimizer]: info in ImageOptimization\Modules\ConnectManager\Components\Connect->get_connect_status(): Status check error. Reason: User is not connected
[22-Apr-2025 11:39:47 UTC] [Image Optimizer]: info in ImageOptimization\Modules\ConnectManager\Components\Connect->get_connect_status(): Status check error. Reason: User is not connected
[22-Apr-2025 11:39:52 UTC] [Image Optimizer]: info in ImageOptimization\Modules\ConnectManager\Components\Connect->get_connect_status(): Status check error. Reason: User is not connected
[22-Apr-2025 11:40:32 UTC] [Image Optimizer]: info in ImageOptimization\Modules\ConnectManager\Components\Connect->get_connect_status(): Status check error. Reason: User is not connected
[22-Apr-2025 11:40:43 UTC] [Image Optimizer]: info in ImageOptimization\Modules\ConnectManager\Components\Connect->get_connect_status(): Status check error. Reason: User is not connected
[22-Apr-2025 11:40:48 UTC] [Image Optimizer]: info in ImageOptimization\Modules\ConnectManager\Components\Connect->get_connect_status(): Status check error. Reason: User is not connected
[22-Apr-2025 11:40:52 UTC] [Image Optimizer]: info in ImageOptimization\Modules\ConnectManager\Components\Connect->get_connect_status(): Status check error. Reason: User is not connected
[22-Apr-2025 11:41:02 UTC] [Image Optimizer]: info in ImageOptimization\Modules\ConnectManager\Components\Connect->get_connect_status(): Status check error. Reason: User is not connected
[22-Apr-2025 11:41:08 UTC] [Image Optimizer]: info in ImageOptimization\Modules\ConnectManager\Components\Connect->get_connect_status(): Status check error. Reason: User is not connected
[22-Apr-2025 11:41:12 UTC] [Image Optimizer]: info in ImageOptimization\Modules\ConnectManager\Components\Connect->get_connect_status(): Status check error. Reason: User is not connected
[22-Apr-2025 11:41:17 UTC] [Image Optimizer]: info in ImageOptimization\Modules\ConnectManager\Components\Connect->get_connect_status(): Status check error. Reason: User is not connected
[22-Apr-2025 11:41:22 UTC] [Image Optimizer]: info in ImageOptimization\Modules\ConnectManager\Components\Connect->get_connect_status(): Status check error. Reason: User is not connected
[22-Apr-2025 11:41:28 UTC] [Image Optimizer]: info in ImageOptimization\Modules\ConnectManager\Components\Connect->get_connect_status(): Status check error. Reason: User is not connected
[22-Apr-2025 11:41:32 UTC] [Image Optimizer]: info in ImageOptimization\Modules\ConnectManager\Components\Connect->get_connect_status(): Status check error. Reason: User is not connected
[22-Apr-2025 11:41:37 UTC] [Image Optimizer]: info in ImageOptimization\Modules\ConnectManager\Components\Connect->get_connect_status(): Status check error. Reason: User is not connected
[22-Apr-2025 11:41:43 UTC] [Image Optimizer]: info in ImageOptimization\Modules\ConnectManager\Components\Connect->get_connect_status(): Status check error. Reason: User is not connected
[22-Apr-2025 11:41:47 UTC] [Image Optimizer]: info in ImageOptimization\Modules\ConnectManager\Components\Connect->get_connect_status(): Status check error. Reason: User is not connected
[22-Apr-2025 11:41:52 UTC] [Image Optimizer]: info in ImageOptimization\Modules\ConnectManager\Components\Connect->get_connect_status(): Status check error. Reason: User is not connected
[22-Apr-2025 11:41:57 UTC] [Image Optimizer]: info in ImageOptimization\Modules\ConnectManager\Components\Connect->get_connect_status(): Status check error. Reason: User is not connected
[22-Apr-2025 11:42:02 UTC] [Image Optimizer]: info in ImageOptimization\Modules\ConnectManager\Components\Connect->get_connect_status(): Status check error. Reason: User is not connected
[22-Apr-2025 11:42:07 UTC] [Image Optimizer]: info in ImageOptimization\Modules\ConnectManager\Components\Connect->get_connect_status(): Status check error. Reason: User is not connected
[22-Apr-2025 11:42:12 UTC] [Image Optimizer]: info in ImageOptimization\Modules\ConnectManager\Components\Connect->get_connect_status(): Status check error. Reason: User is not connected
[22-Apr-2025 11:42:17 UTC] [Image Optimizer]: info in ImageOptimization\Modules\ConnectManager\Components\Connect->get_connect_status(): Status check error. Reason: User is not connected
[22-Apr-2025 11:42:23 UTC] [Image Optimizer]: info in ImageOptimization\Modules\ConnectManager\Components\Connect->get_connect_status(): Status check error. Reason: User is not connected
[22-Apr-2025 11:42:28 UTC] [Image Optimizer]: info in ImageOptimization\Modules\ConnectManager\Components\Connect->get_connect_status(): Status check error. Reason: User is not connected
[22-Apr-2025 11:42:32 UTC] [Image Optimizer]: info in ImageOptimization\Modules\ConnectManager\Components\Connect->get_connect_status(): Status check error. Reason: User is not connected
[22-Apr-2025 11:42:38 UTC] [Image Optimizer]: info in ImageOptimization\Modules\ConnectManager\Components\Connect->get_connect_status(): Status check error. Reason: User is not connected
[22-Apr-2025 11:42:42 UTC] [Image Optimizer]: info in ImageOptimization\Modules\ConnectManager\Components\Connect->get_connect_status(): Status check error. Reason: User is not connected
[22-Apr-2025 11:42:48 UTC] [Image Optimizer]: info in ImageOptimization\Modules\ConnectManager\Components\Connect->get_connect_status(): Status check error. Reason: User is not connected
[22-Apr-2025 11:42:52 UTC] [Image Optimizer]: info in ImageOptimization\Modules\ConnectManager\Components\Connect->get_connect_status(): Status check error. Reason: User is not connected
[22-Apr-2025 11:42:57 UTC] [Image Optimizer]: info in ImageOptimization\Modules\ConnectManager\Components\Connect->get_connect_status(): Status check error. Reason: User is not connected
[22-Apr-2025 11:43:02 UTC] [Image Optimizer]: info in ImageOptimization\Modules\ConnectManager\Components\Connect->get_connect_status(): Status check error. Reason: User is not connected
[22-Apr-2025 11:43:07 UTC] [Image Optimizer]: info in ImageOptimization\Modules\ConnectManager\Components\Connect->get_connect_status(): Status check error. Reason: User is not connected
[22-Apr-2025 11:43:12 UTC] [Image Optimizer]: info in ImageOptimization\Modules\ConnectManager\Components\Connect->get_connect_status(): Status check error. Reason: User is not connected
[22-Apr-2025 11:43:17 UTC] [Image Optimizer]: info in ImageOptimization\Modules\ConnectManager\Components\Connect->get_connect_status(): Status check error. Reason: User is not connected
[22-Apr-2025 11:43:23 UTC] [Image Optimizer]: info in ImageOptimization\Modules\ConnectManager\Components\Connect->get_connect_status(): Status check error. Reason: User is not connected
[22-Apr-2025 11:43:28 UTC] [Image Optimizer]: info in ImageOptimization\Modules\ConnectManager\Components\Connect->get_connect_status(): Status check error. Reason: User is not connected
[22-Apr-2025 11:43:34 UTC] [Image Optimizer]: info in ImageOptimization\Modules\ConnectManager\Components\Connect->get_connect_status(): Status check error. Reason: User is not connected
[22-Apr-2025 11:43:38 UTC] [Image Optimizer]: info in ImageOptimization\Modules\ConnectManager\Components\Connect->get_connect_status(): Status check error. Reason: User is not connected
[22-Apr-2025 11:43:43 UTC] [Image Optimizer]: info in ImageOptimization\Modules\ConnectManager\Components\Connect->get_connect_status(): Status check error. Reason: User is not connected
[22-Apr-2025 11:43:47 UTC] [Image Optimizer]: info in ImageOptimization\Modules\ConnectManager\Components\Connect->get_connect_status(): Status check error. Reason: User is not connected
[22-Apr-2025 11:43:53 UTC] [Image Optimizer]: info in ImageOptimization\Modules\ConnectManager\Components\Connect->get_connect_status(): Status check error. Reason: User is not connected
[22-Apr-2025 11:43:57 UTC] [Image Optimizer]: info in ImageOptimization\Modules\ConnectManager\Components\Connect->get_connect_status(): Status check error. Reason: User is not connected
[22-Apr-2025 11:44:02 UTC] [Image Optimizer]: info in ImageOptimization\Modules\ConnectManager\Components\Connect->get_connect_status(): Status check error. Reason: User is not connected
[22-Apr-2025 11:44:07 UTC] [Image Optimizer]: info in ImageOptimization\Modules\ConnectManager\Components\Connect->get_connect_status(): Status check error. Reason: User is not connected
[22-Apr-2025 11:44:12 UTC] [Image Optimizer]: info in ImageOptimization\Modules\ConnectManager\Components\Connect->get_connect_status(): Status check error. Reason: User is not connected
[22-Apr-2025 11:44:18 UTC] [Image Optimizer]: info in ImageOptimization\Modules\ConnectManager\Components\Connect->get_connect_status(): Status check error. Reason: User is not connected
[22-Apr-2025 11:44:23 UTC] [Image Optimizer]: info in ImageOptimization\Modules\ConnectManager\Components\Connect->get_connect_status(): Status check error. Reason: User is not connected
[22-Apr-2025 11:44:28 UTC] [Image Optimizer]: info in ImageOptimization\Modules\ConnectManager\Components\Connect->get_connect_status(): Status check error. Reason: User is not connected
[22-Apr-2025 11:44:33 UTC] [Image Optimizer]: info in ImageOptimization\Modules\ConnectManager\Components\Connect->get_connect_status(): Status check error. Reason: User is not connected
[22-Apr-2025 11:44:38 UTC] [Image Optimizer]: info in ImageOptimization\Modules\ConnectManager\Components\Connect->get_connect_status(): Status check error. Reason: User is not connected
[22-Apr-2025 11:44:42 UTC] [Image Optimizer]: info in ImageOptimization\Modules\ConnectManager\Components\Connect->get_connect_status(): Status check error. Reason: User is not connected
[22-Apr-2025 11:44:48 UTC] [Image Optimizer]: info in ImageOptimization\Modules\ConnectManager\Components\Connect->get_connect_status(): Status check error. Reason: User is not connected
[22-Apr-2025 11:44:52 UTC] [Image Optimizer]: info in ImageOptimization\Modules\ConnectManager\Components\Connect->get_connect_status(): Status check error. Reason: User is not connected
[22-Apr-2025 11:44:58 UTC] [Image Optimizer]: info in ImageOptimization\Modules\ConnectManager\Components\Connect->get_connect_status(): Status check error. Reason: User is not connected
[22-Apr-2025 11:45:03 UTC] [Image Optimizer]: info in ImageOptimization\Modules\ConnectManager\Components\Connect->get_connect_status(): Status check error. Reason: User is not connected
[22-Apr-2025 11:45:08 UTC] [Image Optimizer]: info in ImageOptimization\Modules\ConnectManager\Components\Connect->get_connect_status(): Status check error. Reason: User is not connected
[22-Apr-2025 11:45:13 UTC] [Image Optimizer]: info in ImageOptimization\Modules\ConnectManager\Components\Connect->get_connect_status(): Status check error. Reason: User is not connected
[22-Apr-2025 11:45:17 UTC] [Image Optimizer]: info in ImageOptimization\Modules\ConnectManager\Components\Connect->get_connect_status(): Status check error. Reason: User is not connected
[22-Apr-2025 11:45:22 UTC] [Image Optimizer]: info in ImageOptimization\Modules\ConnectManager\Components\Connect->get_connect_status(): Status check error. Reason: User is not connected
[22-Apr-2025 11:45:28 UTC] [Image Optimizer]: info in ImageOptimization\Modules\ConnectManager\Components\Connect->get_connect_status(): Status check error. Reason: User is not connected
[22-Apr-2025 11:45:32 UTC] [Image Optimizer]: info in ImageOptimization\Modules\ConnectManager\Components\Connect->get_connect_status(): Status check error. Reason: User is not connected
[22-Apr-2025 11:45:38 UTC] [Image Optimizer]: info in ImageOptimization\Modules\ConnectManager\Components\Connect->get_connect_status(): Status check error. Reason: User is not connected
[22-Apr-2025 11:45:43 UTC] [Image Optimizer]: info in ImageOptimization\Modules\ConnectManager\Components\Connect->get_connect_status(): Status check error. Reason: User is not connected
[22-Apr-2025 11:45:48 UTC] [Image Optimizer]: info in ImageOptimization\Modules\ConnectManager\Components\Connect->get_connect_status(): Status check error. Reason: User is not connected
[22-Apr-2025 11:45:53 UTC] [Image Optimizer]: info in ImageOptimization\Modules\ConnectManager\Components\Connect->get_connect_status(): Status check error. Reason: User is not connected
[22-Apr-2025 11:45:58 UTC] [Image Optimizer]: info in ImageOptimization\Modules\ConnectManager\Components\Connect->get_connect_status(): Status check error. Reason: User is not connected
[22-Apr-2025 11:46:03 UTC] [Image Optimizer]: info in ImageOptimization\Modules\ConnectManager\Components\Connect->get_connect_status(): Status check error. Reason: User is not connected
[22-Apr-2025 11:46:08 UTC] [Image Optimizer]: info in ImageOptimization\Modules\ConnectManager\Components\Connect->get_connect_status(): Status check error. Reason: User is not connected
[22-Apr-2025 11:46:13 UTC] [Image Optimizer]: info in ImageOptimization\Modules\ConnectManager\Components\Connect->get_connect_status(): Status check error. Reason: User is not connected
[22-Apr-2025 11:46:18 UTC] [Image Optimizer]: info in ImageOptimization\Modules\ConnectManager\Components\Connect->get_connect_status(): Status check error. Reason: User is not connected
[22-Apr-2025 11:46:23 UTC] [Image Optimizer]: info in ImageOptimization\Modules\ConnectManager\Components\Connect->get_connect_status(): Status check error. Reason: User is not connected
[22-Apr-2025 11:46:28 UTC] [Image Optimizer]: info in ImageOptimization\Modules\ConnectManager\Components\Connect->get_connect_status(): Status check error. Reason: User is not connected
[22-Apr-2025 11:46:34 UTC] [Image Optimizer]: info in ImageOptimization\Modules\ConnectManager\Components\Connect->get_connect_status(): Status check error. Reason: User is not connected
[22-Apr-2025 11:46:44 UTC] [Image Optimizer]: info in ImageOptimization\Modules\ConnectManager\Components\Connect->get_connect_status(): Status check error. Reason: User is not connected
[22-Apr-2025 11:47:44 UTC] [Image Optimizer]: info in ImageOptimization\Modules\ConnectManager\Components\Connect->get_connect_status(): Status check error. Reason: User is not connected
[22-Apr-2025 11:48:44 UTC] [Image Optimizer]: info in ImageOptimization\Modules\ConnectManager\Components\Connect->get_connect_status(): Status check error. Reason: User is not connected
[22-Apr-2025 11:49:44 UTC] [Image Optimizer]: info in ImageOptimization\Modules\ConnectManager\Components\Connect->get_connect_status(): Status check error. Reason: User is not connected
[22-Apr-2025 11:50:44 UTC] [Image Optimizer]: info in ImageOptimization\Modules\ConnectManager\Components\Connect->get_connect_status(): Status check error. Reason: User is not connected
[22-Apr-2025 11:51:44 UTC] [Image Optimizer]: info in ImageOptimization\Modules\ConnectManager\Components\Connect->get_connect_status(): Status check error. Reason: User is not connected
[22-Apr-2025 11:52:44 UTC] [Image Optimizer]: info in ImageOptimization\Modules\ConnectManager\Components\Connect->get_connect_status(): Status check error. Reason: User is not connected
[22-Apr-2025 11:53:44 UTC] [Image Optimizer]: info in ImageOptimization\Modules\ConnectManager\Components\Connect->get_connect_status(): Status check error. Reason: User is not connected
[22-Apr-2025 11:54:44 UTC] [Image Optimizer]: info in ImageOptimization\Modules\ConnectManager\Components\Connect->get_connect_status(): Status check error. Reason: User is not connected
[22-Apr-2025 11:55:45 UTC] [Image Optimizer]: info in ImageOptimization\Modules\ConnectManager\Components\Connect->get_connect_status(): Status check error. Reason: User is not connected
[22-Apr-2025 11:56:33 UTC] [Image Optimizer]: info in ImageOptimization\Modules\ConnectManager\Components\Connect->get_connect_status(): Status check error. Reason: User is not connected
[22-Apr-2025 11:56:37 UTC] [Image Optimizer]: info in ImageOptimization\Modules\ConnectManager\Components\Connect->get_connect_status(): Status check error. Reason: User is not connected
[22-Apr-2025 11:56:53 UTC] [Image Optimizer]: info in ImageOptimization\Modules\ConnectManager\Components\Connect->get_connect_status(): Status check error. Reason: User is not connected
[22-Apr-2025 11:56:57 UTC] [Image Optimizer]: info in ImageOptimization\Modules\ConnectManager\Components\Connect->get_connect_status(): Status check error. Reason: User is not connected
[22-Apr-2025 11:57:02 UTC] [Image Optimizer]: info in ImageOptimization\Modules\ConnectManager\Components\Connect->get_connect_status(): Status check error. Reason: User is not connected
[22-Apr-2025 11:57:07 UTC] [Image Optimizer]: info in ImageOptimization\Modules\ConnectManager\Components\Connect->get_connect_status(): Status check error. Reason: User is not connected
[22-Apr-2025 11:57:12 UTC] [Image Optimizer]: info in ImageOptimization\Modules\ConnectManager\Components\Connect->get_connect_status(): Status check error. Reason: User is not connected
[22-Apr-2025 11:57:17 UTC] [Image Optimizer]: info in ImageOptimization\Modules\ConnectManager\Components\Connect->get_connect_status(): Status check error. Reason: User is not connected
[22-Apr-2025 11:57:22 UTC] [Image Optimizer]: info in ImageOptimization\Modules\ConnectManager\Components\Connect->get_connect_status(): Status check error. Reason: User is not connected
[22-Apr-2025 11:58:24 UTC] [Image Optimizer]: info in ImageOptimization\Modules\ConnectManager\Components\Connect->get_connect_status(): Status check error. Reason: User is not connected
[22-Apr-2025 11:58:27 UTC] [Image Optimizer]: info in ImageOptimization\Modules\ConnectManager\Components\Connect->get_connect_status(): Status check error. Reason: User is not connected
[22-Apr-2025 11:59:37 UTC] [Image Optimizer]: info in ImageOptimization\Modules\ConnectManager\Components\Connect->get_connect_status(): Status check error. Reason: User is not connected
[22-Apr-2025 11:59:52 UTC] [Image Optimizer]: info in ImageOptimization\Modules\ConnectManager\Components\Connect->get_connect_status(): Status check error. Reason: User is not connected
[22-Apr-2025 11:59:57 UTC] [Image Optimizer]: info in ImageOptimization\Modules\ConnectManager\Components\Connect->get_connect_status(): Status check error. Reason: User is not connected
[22-Apr-2025 12:00:02 UTC] [Image Optimizer]: info in ImageOptimization\Modules\ConnectManager\Components\Connect->get_connect_status(): Status check error. Reason: User is not connected
[22-Apr-2025 12:00:07 UTC] [Image Optimizer]: info in ImageOptimization\Modules\ConnectManager\Components\Connect->get_connect_status(): Status check error. Reason: User is not connected
[22-Apr-2025 12:00:13 UTC] [Image Optimizer]: info in ImageOptimization\Modules\ConnectManager\Components\Connect->get_connect_status(): Status check error. Reason: User is not connected
[22-Apr-2025 12:00:18 UTC] [Image Optimizer]: info in ImageOptimization\Modules\ConnectManager\Components\Connect->get_connect_status(): Status check error. Reason: User is not connected
[22-Apr-2025 12:00:22 UTC] [Image Optimizer]: info in ImageOptimization\Modules\ConnectManager\Components\Connect->get_connect_status(): Status check error. Reason: User is not connected
[22-Apr-2025 12:00:27 UTC] [Image Optimizer]: info in ImageOptimization\Modules\ConnectManager\Components\Connect->get_connect_status(): Status check error. Reason: User is not connected
[22-Apr-2025 12:08:52 UTC] [Image Optimizer]: info in ImageOptimization\Modules\ConnectManager\Components\Connect->get_connect_status(): Status check error. Reason: User is not connected
[22-Apr-2025 12:08:57 UTC] [Image Optimizer]: info in ImageOptimization\Modules\ConnectManager\Components\Connect->get_connect_status(): Status check error. Reason: User is not connected
[22-Apr-2025 12:09:02 UTC] [Image Optimizer]: info in ImageOptimization\Modules\ConnectManager\Components\Connect->get_connect_status(): Status check error. Reason: User is not connected
[22-Apr-2025 12:09:07 UTC] [Image Optimizer]: info in ImageOptimization\Modules\ConnectManager\Components\Connect->get_connect_status(): Status check error. Reason: User is not connected
[22-Apr-2025 12:09:13 UTC] [Image Optimizer]: info in ImageOptimization\Modules\ConnectManager\Components\Connect->get_connect_status(): Status check error. Reason: User is not connected
[22-Apr-2025 12:09:34 UTC] [Image Optimizer]: info in ImageOptimization\Modules\ConnectManager\Components\Connect->get_connect_status(): Status check error. Reason: User is not connected
[22-Apr-2025 12:09:37 UTC] [Image Optimizer]: info in ImageOptimization\Modules\ConnectManager\Components\Connect->get_connect_status(): Status check error. Reason: User is not connected
[22-Apr-2025 12:09:42 UTC] [Image Optimizer]: info in ImageOptimization\Modules\ConnectManager\Components\Connect->get_connect_status(): Status check error. Reason: User is not connected
[22-Apr-2025 12:09:47 UTC] [Image Optimizer]: info in ImageOptimization\Modules\ConnectManager\Components\Connect->get_connect_status(): Status check error. Reason: User is not connected
[22-Apr-2025 12:17:13 UTC] [Image Optimizer]: info in ImageOptimization\Modules\ConnectManager\Components\Connect->get_connect_status(): Status check error. Reason: User is not connected
[22-Apr-2025 12:17:17 UTC] [Image Optimizer]: info in ImageOptimization\Modules\ConnectManager\Components\Connect->get_connect_status(): Status check error. Reason: User is not connected
[22-Apr-2025 12:17:22 UTC] [Image Optimizer]: info in ImageOptimization\Modules\ConnectManager\Components\Connect->get_connect_status(): Status check error. Reason: User is not connected
[22-Apr-2025 12:17:32 UTC] [Image Optimizer]: info in ImageOptimization\Modules\ConnectManager\Components\Connect->get_connect_status(): Status check error. Reason: User is not connected
[22-Apr-2025 12:17:38 UTC] [Image Optimizer]: info in ImageOptimization\Modules\ConnectManager\Components\Connect->get_connect_status(): Status check error. Reason: User is not connected
[22-Apr-2025 12:17:42 UTC] [Image Optimizer]: info in ImageOptimization\Modules\ConnectManager\Components\Connect->get_connect_status(): Status check error. Reason: User is not connected
[22-Apr-2025 12:17:47 UTC] [Image Optimizer]: info in ImageOptimization\Modules\ConnectManager\Components\Connect->get_connect_status(): Status check error. Reason: User is not connected
[22-Apr-2025 12:17:53 UTC] [Image Optimizer]: info in ImageOptimization\Modules\ConnectManager\Components\Connect->get_connect_status(): Status check error. Reason: User is not connected
[22-Apr-2025 12:17:57 UTC] [Image Optimizer]: info in ImageOptimization\Modules\ConnectManager\Components\Connect->get_connect_status(): Status check error. Reason: User is not connected
[22-Apr-2025 12:18:03 UTC] [Image Optimizer]: info in ImageOptimization\Modules\ConnectManager\Components\Connect->get_connect_status(): Status check error. Reason: User is not connected
[22-Apr-2025 12:18:08 UTC] [Image Optimizer]: info in ImageOptimization\Modules\ConnectManager\Components\Connect->get_connect_status(): Status check error. Reason: User is not connected
[22-Apr-2025 12:18:12 UTC] [Image Optimizer]: info in ImageOptimization\Modules\ConnectManager\Components\Connect->get_connect_status(): Status check error. Reason: User is not connected
[22-Apr-2025 12:18:17 UTC] [Image Optimizer]: info in ImageOptimization\Modules\ConnectManager\Components\Connect->get_connect_status(): Status check error. Reason: User is not connected
[22-Apr-2025 12:18:23 UTC] [Image Optimizer]: info in ImageOptimization\Modules\ConnectManager\Components\Connect->get_connect_status(): Status check error. Reason: User is not connected
[22-Apr-2025 12:18:31 UTC] [Image Optimizer]: info in ImageOptimization\Modules\ConnectManager\Components\Connect->get_connect_status(): Status check error. Reason: User is not connected
[22-Apr-2025 12:18:33 UTC] [Image Optimizer]: info in ImageOptimization\Modules\ConnectManager\Components\Connect->get_connect_status(): Status check error. Reason: User is not connected
[22-Apr-2025 12:18:38 UTC] [Image Optimizer]: info in ImageOptimization\Modules\ConnectManager\Components\Connect->get_connect_status(): Status check error. Reason: User is not connected
[22-Apr-2025 12:18:43 UTC] [Image Optimizer]: info in ImageOptimization\Modules\ConnectManager\Components\Connect->get_connect_status(): Status check error. Reason: User is not connected
[22-Apr-2025 12:18:48 UTC] [Image Optimizer]: info in ImageOptimization\Modules\ConnectManager\Components\Connect->get_connect_status(): Status check error. Reason: User is not connected
[22-Apr-2025 12:18:53 UTC] [Image Optimizer]: info in ImageOptimization\Modules\ConnectManager\Components\Connect->get_connect_status(): Status check error. Reason: User is not connected
[22-Apr-2025 12:18:58 UTC] [Image Optimizer]: info in ImageOptimization\Modules\ConnectManager\Components\Connect->get_connect_status(): Status check error. Reason: User is not connected
[22-Apr-2025 12:19:03 UTC] [Image Optimizer]: info in ImageOptimization\Modules\ConnectManager\Components\Connect->get_connect_status(): Status check error. Reason: User is not connected
[22-Apr-2025 12:19:08 UTC] [Image Optimizer]: info in ImageOptimization\Modules\ConnectManager\Components\Connect->get_connect_status(): Status check error. Reason: User is not connected
[22-Apr-2025 12:19:13 UTC] [Image Optimizer]: info in ImageOptimization\Modules\ConnectManager\Components\Connect->get_connect_status(): Status check error. Reason: User is not connected
[22-Apr-2025 12:19:18 UTC] [Image Optimizer]: info in ImageOptimization\Modules\ConnectManager\Components\Connect->get_connect_status(): Status check error. Reason: User is not connected
[22-Apr-2025 12:19:23 UTC] [Image Optimizer]: info in ImageOptimization\Modules\ConnectManager\Components\Connect->get_connect_status(): Status check error. Reason: User is not connected
[22-Apr-2025 12:19:28 UTC] [Image Optimizer]: info in ImageOptimization\Modules\ConnectManager\Components\Connect->get_connect_status(): Status check error. Reason: User is not connected
[22-Apr-2025 12:19:33 UTC] [Image Optimizer]: info in ImageOptimization\Modules\ConnectManager\Components\Connect->get_connect_status(): Status check error. Reason: User is not connected
[22-Apr-2025 12:19:37 UTC] [Image Optimizer]: info in ImageOptimization\Modules\ConnectManager\Components\Connect->get_connect_status(): Status check error. Reason: User is not connected
[22-Apr-2025 12:19:42 UTC] [Image Optimizer]: info in ImageOptimization\Modules\ConnectManager\Components\Connect->get_connect_status(): Status check error. Reason: User is not connected
[22-Apr-2025 12:19:47 UTC] [Image Optimizer]: info in ImageOptimization\Modules\ConnectManager\Components\Connect->get_connect_status(): Status check error. Reason: User is not connected
[22-Apr-2025 12:19:52 UTC] [Image Optimizer]: info in ImageOptimization\Modules\ConnectManager\Components\Connect->get_connect_status(): Status check error. Reason: User is not connected
[22-Apr-2025 12:19:57 UTC] [Image Optimizer]: info in ImageOptimization\Modules\ConnectManager\Components\Connect->get_connect_status(): Status check error. Reason: User is not connected
[22-Apr-2025 12:20:03 UTC] [Image Optimizer]: info in ImageOptimization\Modules\ConnectManager\Components\Connect->get_connect_status(): Status check error. Reason: User is not connected
[22-Apr-2025 12:20:08 UTC] [Image Optimizer]: info in ImageOptimization\Modules\ConnectManager\Components\Connect->get_connect_status(): Status check error. Reason: User is not connected
[22-Apr-2025 12:20:13 UTC] [Image Optimizer]: info in ImageOptimization\Modules\ConnectManager\Components\Connect->get_connect_status(): Status check error. Reason: User is not connected
[22-Apr-2025 12:20:18 UTC] [Image Optimizer]: info in ImageOptimization\Modules\ConnectManager\Components\Connect->get_connect_status(): Status check error. Reason: User is not connected
[22-Apr-2025 12:20:23 UTC] [Image Optimizer]: info in ImageOptimization\Modules\ConnectManager\Components\Connect->get_connect_status(): Status check error. Reason: User is not connected
[22-Apr-2025 12:20:28 UTC] [Image Optimizer]: info in ImageOptimization\Modules\ConnectManager\Components\Connect->get_connect_status(): Status check error. Reason: User is not connected
[22-Apr-2025 12:20:32 UTC] [Image Optimizer]: info in ImageOptimization\Modules\ConnectManager\Components\Connect->get_connect_status(): Status check error. Reason: User is not connected
[22-Apr-2025 12:20:37 UTC] [Image Optimizer]: info in ImageOptimization\Modules\ConnectManager\Components\Connect->get_connect_status(): Status check error. Reason: User is not connected
[22-Apr-2025 12:20:42 UTC] [Image Optimizer]: info in ImageOptimization\Modules\ConnectManager\Components\Connect->get_connect_status(): Status check error. Reason: User is not connected
[22-Apr-2025 12:20:48 UTC] [Image Optimizer]: info in ImageOptimization\Modules\ConnectManager\Components\Connect->get_connect_status(): Status check error. Reason: User is not connected
[22-Apr-2025 12:20:52 UTC] [Image Optimizer]: info in ImageOptimization\Modules\ConnectManager\Components\Connect->get_connect_status(): Status check error. Reason: User is not connected
[22-Apr-2025 12:20:57 UTC] [Image Optimizer]: info in ImageOptimization\Modules\ConnectManager\Components\Connect->get_connect_status(): Status check error. Reason: User is not connected
[22-Apr-2025 12:21:02 UTC] [Image Optimizer]: info in ImageOptimization\Modules\ConnectManager\Components\Connect->get_connect_status(): Status check error. Reason: User is not connected
[22-Apr-2025 12:21:07 UTC] [Image Optimizer]: info in ImageOptimization\Modules\ConnectManager\Components\Connect->get_connect_status(): Status check error. Reason: User is not connected
[22-Apr-2025 12:21:12 UTC] [Image Optimizer]: info in ImageOptimization\Modules\ConnectManager\Components\Connect->get_connect_status(): Status check error. Reason: User is not connected
[22-Apr-2025 12:21:17 UTC] [Image Optimizer]: info in ImageOptimization\Modules\ConnectManager\Components\Connect->get_connect_status(): Status check error. Reason: User is not connected
[22-Apr-2025 12:21:22 UTC] [Image Optimizer]: info in ImageOptimization\Modules\ConnectManager\Components\Connect->get_connect_status(): Status check error. Reason: User is not connected
[22-Apr-2025 12:21:27 UTC] [Image Optimizer]: info in ImageOptimization\Modules\ConnectManager\Components\Connect->get_connect_status(): Status check error. Reason: User is not connected
[22-Apr-2025 12:21:32 UTC] [Image Optimizer]: info in ImageOptimization\Modules\ConnectManager\Components\Connect->get_connect_status(): Status check error. Reason: User is not connected
[22-Apr-2025 12:21:37 UTC] [Image Optimizer]: info in ImageOptimization\Modules\ConnectManager\Components\Connect->get_connect_status(): Status check error. Reason: User is not connected
[22-Apr-2025 12:21:42 UTC] [Image Optimizer]: info in ImageOptimization\Modules\ConnectManager\Components\Connect->get_connect_status(): Status check error. Reason: User is not connected
[22-Apr-2025 12:21:47 UTC] [Image Optimizer]: info in ImageOptimization\Modules\ConnectManager\Components\Connect->get_connect_status(): Status check error. Reason: User is not connected
[22-Apr-2025 12:21:52 UTC] [Image Optimizer]: info in ImageOptimization\Modules\ConnectManager\Components\Connect->get_connect_status(): Status check error. Reason: User is not connected
[22-Apr-2025 12:21:58 UTC] [Image Optimizer]: info in ImageOptimization\Modules\ConnectManager\Components\Connect->get_connect_status(): Status check error. Reason: User is not connected
[22-Apr-2025 12:22:02 UTC] [Image Optimizer]: info in ImageOptimization\Modules\ConnectManager\Components\Connect->get_connect_status(): Status check error. Reason: User is not connected
[22-Apr-2025 12:22:07 UTC] [Image Optimizer]: info in ImageOptimization\Modules\ConnectManager\Components\Connect->get_connect_status(): Status check error. Reason: User is not connected
[22-Apr-2025 12:22:13 UTC] [Image Optimizer]: info in ImageOptimization\Modules\ConnectManager\Components\Connect->get_connect_status(): Status check error. Reason: User is not connected
[22-Apr-2025 12:22:18 UTC] [Image Optimizer]: info in ImageOptimization\Modules\ConnectManager\Components\Connect->get_connect_status(): Status check error. Reason: User is not connected
[22-Apr-2025 12:22:23 UTC] [Image Optimizer]: info in ImageOptimization\Modules\ConnectManager\Components\Connect->get_connect_status(): Status check error. Reason: User is not connected
[22-Apr-2025 12:22:27 UTC] [Image Optimizer]: info in ImageOptimization\Modules\ConnectManager\Components\Connect->get_connect_status(): Status check error. Reason: User is not connected
[22-Apr-2025 12:22:33 UTC] [Image Optimizer]: info in ImageOptimization\Modules\ConnectManager\Components\Connect->get_connect_status(): Status check error. Reason: User is not connected
[22-Apr-2025 12:22:37 UTC] [Image Optimizer]: info in ImageOptimization\Modules\ConnectManager\Components\Connect->get_connect_status(): Status check error. Reason: User is not connected
[22-Apr-2025 12:22:43 UTC] [Image Optimizer]: info in ImageOptimization\Modules\ConnectManager\Components\Connect->get_connect_status(): Status check error. Reason: User is not connected
[22-Apr-2025 12:22:48 UTC] [Image Optimizer]: info in ImageOptimization\Modules\ConnectManager\Components\Connect->get_connect_status(): Status check error. Reason: User is not connected
[22-Apr-2025 12:22:49 UTC] [Image Optimizer]: info in ImageOptimization\Modules\ConnectManager\Components\Connect->get_connect_status(): Status check error. Reason: User is not connected
[22-Apr-2025 12:22:53 UTC] [Image Optimizer]: info in ImageOptimization\Modules\ConnectManager\Components\Connect->get_connect_status(): Status check error. Reason: User is not connected
[22-Apr-2025 12:22:56 UTC] [Image Optimizer]: info in ImageOptimization\Modules\ConnectManager\Components\Connect->get_connect_status(): Status check error. Reason: User is not connected
[22-Apr-2025 12:22:58 UTC] [Image Optimizer]: info in ImageOptimization\Modules\ConnectManager\Components\Connect->get_connect_status(): Status check error. Reason: User is not connected
[22-Apr-2025 12:23:01 UTC] [Image Optimizer]: info in ImageOptimization\Modules\ConnectManager\Components\Connect->get_connect_status(): Status check error. Reason: User is not connected
[22-Apr-2025 12:23:03 UTC] [Image Optimizer]: info in ImageOptimization\Modules\ConnectManager\Components\Connect->get_connect_status(): Status check error. Reason: User is not connected
[22-Apr-2025 12:23:06 UTC] [Image Optimizer]: info in ImageOptimization\Modules\ConnectManager\Components\Connect->get_connect_status(): Status check error. Reason: User is not connected
[22-Apr-2025 12:23:08 UTC] [Image Optimizer]: info in ImageOptimization\Modules\ConnectManager\Components\Connect->get_connect_status(): Status check error. Reason: User is not connected
[22-Apr-2025 12:23:11 UTC] [Image Optimizer]: info in ImageOptimization\Modules\ConnectManager\Components\Connect->get_connect_status(): Status check error. Reason: User is not connected
[22-Apr-2025 12:23:13 UTC] [Image Optimizer]: info in ImageOptimization\Modules\ConnectManager\Components\Connect->get_connect_status(): Status check error. Reason: User is not connected
[22-Apr-2025 12:23:16 UTC] [Image Optimizer]: info in ImageOptimization\Modules\ConnectManager\Components\Connect->get_connect_status(): Status check error. Reason: User is not connected
[22-Apr-2025 12:23:18 UTC] [Image Optimizer]: info in ImageOptimization\Modules\ConnectManager\Components\Connect->get_connect_status(): Status check error. Reason: User is not connected
[22-Apr-2025 12:23:21 UTC] [Image Optimizer]: info in ImageOptimization\Modules\ConnectManager\Components\Connect->get_connect_status(): Status check error. Reason: User is not connected
[22-Apr-2025 12:23:23 UTC] [Image Optimizer]: info in ImageOptimization\Modules\ConnectManager\Components\Connect->get_connect_status(): Status check error. Reason: User is not connected
[22-Apr-2025 12:23:26 UTC] [Image Optimizer]: info in ImageOptimization\Modules\ConnectManager\Components\Connect->get_connect_status(): Status check error. Reason: User is not connected
[22-Apr-2025 12:23:28 UTC] [Image Optimizer]: info in ImageOptimization\Modules\ConnectManager\Components\Connect->get_connect_status(): Status check error. Reason: User is not connected
[22-Apr-2025 12:23:31 UTC] [Image Optimizer]: info in ImageOptimization\Modules\ConnectManager\Components\Connect->get_connect_status(): Status check error. Reason: User is not connected
[22-Apr-2025 12:23:33 UTC] [Image Optimizer]: info in ImageOptimization\Modules\ConnectManager\Components\Connect->get_connect_status(): Status check error. Reason: User is not connected
[22-Apr-2025 12:23:36 UTC] [Image Optimizer]: info in ImageOptimization\Modules\ConnectManager\Components\Connect->get_connect_status(): Status check error. Reason: User is not connected
[22-Apr-2025 12:23:38 UTC] [Image Optimizer]: info in ImageOptimization\Modules\ConnectManager\Components\Connect->get_connect_status(): Status check error. Reason: User is not connected
[22-Apr-2025 12:23:41 UTC] [Image Optimizer]: info in ImageOptimization\Modules\ConnectManager\Components\Connect->get_connect_status(): Status check error. Reason: User is not connected
[22-Apr-2025 12:23:44 UTC] [Image Optimizer]: info in ImageOptimization\Modules\ConnectManager\Components\Connect->get_connect_status(): Status check error. Reason: User is not connected
[22-Apr-2025 12:23:45 UTC] [Image Optimizer]: info in ImageOptimization\Modules\ConnectManager\Components\Connect->get_connect_status(): Status check error. Reason: User is not connected
[22-Apr-2025 12:23:52 UTC] [Image Optimizer]: info in ImageOptimization\Modules\ConnectManager\Components\Connect->get_connect_status(): Status check error. Reason: User is not connected
[22-Apr-2025 12:23:56 UTC] [Image Optimizer]: info in ImageOptimization\Modules\ConnectManager\Components\Connect->get_connect_status(): Status check error. Reason: User is not connected
[22-Apr-2025 12:24:01 UTC] [Image Optimizer]: info in ImageOptimization\Modules\ConnectManager\Components\Connect->get_connect_status(): Status check error. Reason: User is not connected
[22-Apr-2025 12:24:06 UTC] [Image Optimizer]: info in ImageOptimization\Modules\ConnectManager\Components\Connect->get_connect_status(): Status check error. Reason: User is not connected
[22-Apr-2025 12:24:12 UTC] [Image Optimizer]: info in ImageOptimization\Modules\ConnectManager\Components\Connect->get_connect_status(): Status check error. Reason: User is not connected
[22-Apr-2025 12:24:17 UTC] [Image Optimizer]: info in ImageOptimization\Modules\ConnectManager\Components\Connect->get_connect_status(): Status check error. Reason: User is not connected
[22-Apr-2025 12:24:21 UTC] [Image Optimizer]: info in ImageOptimization\Modules\ConnectManager\Components\Connect->get_connect_status(): Status check error. Reason: User is not connected
[22-Apr-2025 12:24:28 UTC] [Image Optimizer]: info in ImageOptimization\Modules\ConnectManager\Components\Connect->get_connect_status(): Status check error. Reason: User is not connected
[22-Apr-2025 12:24:31 UTC] [Image Optimizer]: info in ImageOptimization\Modules\ConnectManager\Components\Connect->get_connect_status(): Status check error. Reason: User is not connected
[22-Apr-2025 12:24:36 UTC] [Image Optimizer]: info in ImageOptimization\Modules\ConnectManager\Components\Connect->get_connect_status(): Status check error. Reason: User is not connected
[22-Apr-2025 12:24:42 UTC] [Image Optimizer]: info in ImageOptimization\Modules\ConnectManager\Components\Connect->get_connect_status(): Status check error. Reason: User is not connected
[22-Apr-2025 12:24:44 UTC] [Image Optimizer]: info in ImageOptimization\Modules\ConnectManager\Components\Connect->get_connect_status(): Status check error. Reason: User is not connected
[22-Apr-2025 12:24:47 UTC] [Image Optimizer]: info in ImageOptimization\Modules\ConnectManager\Components\Connect->get_connect_status(): Status check error. Reason: User is not connected
[22-Apr-2025 12:24:52 UTC] [Image Optimizer]: info in ImageOptimization\Modules\ConnectManager\Components\Connect->get_connect_status(): Status check error. Reason: User is not connected
[22-Apr-2025 12:24:56 UTC] [Image Optimizer]: info in ImageOptimization\Modules\ConnectManager\Components\Connect->get_connect_status(): Status check error. Reason: User is not connected
[22-Apr-2025 12:25:01 UTC] [Image Optimizer]: info in ImageOptimization\Modules\ConnectManager\Components\Connect->get_connect_status(): Status check error. Reason: User is not connected
[22-Apr-2025 12:25:06 UTC] [Image Optimizer]: info in ImageOptimization\Modules\ConnectManager\Components\Connect->get_connect_status(): Status check error. Reason: User is not connected
[22-Apr-2025 12:25:11 UTC] [Image Optimizer]: info in ImageOptimization\Modules\ConnectManager\Components\Connect->get_connect_status(): Status check error. Reason: User is not connected
[22-Apr-2025 12:25:16 UTC] [Image Optimizer]: info in ImageOptimization\Modules\ConnectManager\Components\Connect->get_connect_status(): Status check error. Reason: User is not connected
[22-Apr-2025 12:25:21 UTC] [Image Optimizer]: info in ImageOptimization\Modules\ConnectManager\Components\Connect->get_connect_status(): Status check error. Reason: User is not connected
[22-Apr-2025 12:25:27 UTC] [Image Optimizer]: info in ImageOptimization\Modules\ConnectManager\Components\Connect->get_connect_status(): Status check error. Reason: User is not connected
[22-Apr-2025 12:25:28 UTC] Erreur dvnement de replanification de tche pour le crochet action_scheduler_run_queue. Code derreur:could_not_set. Message derreur:La liste des vnements planifis na pas pu tre sauvegarde.. Donnes:{"schedule":"every_minute","args":["WP Cron"],"interval":60}
[22-Apr-2025 12:25:32 UTC] [Image Optimizer]: info in ImageOptimization\Modules\ConnectManager\Components\Connect->get_connect_status(): Status check error. Reason: User is not connected
[22-Apr-2025 12:25:36 UTC] [Image Optimizer]: info in ImageOptimization\Modules\ConnectManager\Components\Connect->get_connect_status(): Status check error. Reason: User is not connected
[22-Apr-2025 12:25:41 UTC] [Image Optimizer]: info in ImageOptimization\Modules\ConnectManager\Components\Connect->get_connect_status(): Status check error. Reason: User is not connected
[22-Apr-2025 12:25:44 UTC] [Image Optimizer]: info in ImageOptimization\Modules\ConnectManager\Components\Connect->get_connect_status(): Status check error. Reason: User is not connected
[22-Apr-2025 12:25:46 UTC] [Image Optimizer]: info in ImageOptimization\Modules\ConnectManager\Components\Connect->get_connect_status(): Status check error. Reason: User is not connected
[22-Apr-2025 12:25:52 UTC] [Image Optimizer]: info in ImageOptimization\Modules\ConnectManager\Components\Connect->get_connect_status(): Status check error. Reason: User is not connected
[22-Apr-2025 12:26:15 UTC] [Image Optimizer]: info in ImageOptimization\Modules\ConnectManager\Components\Connect->get_connect_status(): Status check error. Reason: User is not connected
[22-Apr-2025 12:26:18 UTC] [Image Optimizer]: info in ImageOptimization\Modules\ConnectManager\Components\Connect->get_connect_status(): Status check error. Reason: User is not connected
[22-Apr-2025 12:26:23 UTC] [Image Optimizer]: info in ImageOptimization\Modules\ConnectManager\Components\Connect->get_connect_status(): Status check error. Reason: User is not connected
[22-Apr-2025 12:26:28 UTC] [Image Optimizer]: info in ImageOptimization\Modules\ConnectManager\Components\Connect->get_connect_status(): Status check error. Reason: User is not connected
[22-Apr-2025 12:26:40 UTC] [Image Optimizer]: info in ImageOptimization\Modules\ConnectManager\Components\Connect->get_connect_status(): Status check error. Reason: User is not connected
[22-Apr-2025 12:26:43 UTC] [Image Optimizer]: info in ImageOptimization\Modules\ConnectManager\Components\Connect->get_connect_status(): Status check error. Reason: User is not connected
[22-Apr-2025 12:26:51 UTC] [Image Optimizer]: info in ImageOptimization\Modules\ConnectManager\Components\Connect->get_connect_status(): Status check error. Reason: User is not connected
[22-Apr-2025 12:26:53 UTC] [Image Optimizer]: info in ImageOptimization\Modules\ConnectManager\Components\Connect->get_connect_status(): Status check error. Reason: User is not connected
[22-Apr-2025 12:26:58 UTC] [Image Optimizer]: info in ImageOptimization\Modules\ConnectManager\Components\Connect->get_connect_status(): Status check error. Reason: User is not connected
[22-Apr-2025 12:27:03 UTC] [Image Optimizer]: info in ImageOptimization\Modules\ConnectManager\Components\Connect->get_connect_status(): Status check error. Reason: User is not connected
[22-Apr-2025 12:27:08 UTC] [Image Optimizer]: info in ImageOptimization\Modules\ConnectManager\Components\Connect->get_connect_status(): Status check error. Reason: User is not connected
[22-Apr-2025 12:27:13 UTC] [Image Optimizer]: info in ImageOptimization\Modules\ConnectManager\Components\Connect->get_connect_status(): Status check error. Reason: User is not connected
[22-Apr-2025 12:27:44 UTC] [Image Optimizer]: info in ImageOptimization\Modules\ConnectManager\Components\Connect->get_connect_status(): Status check error. Reason: User is not connected
[22-Apr-2025 12:28:44 UTC] [Image Optimizer]: info in ImageOptimization\Modules\ConnectManager\Components\Connect->get_connect_status(): Status check error. Reason: User is not connected
[22-Apr-2025 12:29:45 UTC] [Image Optimizer]: info in ImageOptimization\Modules\ConnectManager\Components\Connect->get_connect_status(): Status check error. Reason: User is not connected
[22-Apr-2025 12:30:18 UTC] [Image Optimizer]: info in ImageOptimization\Modules\ConnectManager\Components\Connect->get_connect_status(): Status check error. Reason: User is not connected
[22-Apr-2025 12:30:22 UTC] [Image Optimizer]: info in ImageOptimization\Modules\ConnectManager\Components\Connect->get_connect_status(): Status check error. Reason: User is not connected
[22-Apr-2025 12:30:27 UTC] [Image Optimizer]: info in ImageOptimization\Modules\ConnectManager\Components\Connect->get_connect_status(): Status check error. Reason: User is not connected
[22-Apr-2025 12:30:34 UTC] [Image Optimizer]: info in ImageOptimization\Modules\ConnectManager\Components\Connect->get_connect_status(): Status check error. Reason: User is not connected
[22-Apr-2025 12:30:37 UTC] [Image Optimizer]: info in ImageOptimization\Modules\ConnectManager\Components\Connect->get_connect_status(): Status check error. Reason: User is not connected
[22-Apr-2025 12:31:22 UTC] [Image Optimizer]: info in ImageOptimization\Modules\ConnectManager\Components\Connect->get_connect_status(): Status check error. Reason: User is not connected
[22-Apr-2025 12:31:27 UTC] [Image Optimizer]: info in ImageOptimization\Modules\ConnectManager\Components\Connect->get_connect_status(): Status check error. Reason: User is not connected
[22-Apr-2025 12:31:32 UTC] [Image Optimizer]: info in ImageOptimization\Modules\ConnectManager\Components\Connect->get_connect_status(): Status check error. Reason: User is not connected
[22-Apr-2025 12:38:27 UTC] [Image Optimizer]: info in ImageOptimization\Modules\ConnectManager\Components\Connect->get_connect_status(): Status check error. Reason: User is not connected
[22-Apr-2025 12:57:12 UTC] [Image Optimizer]: info in ImageOptimization\Modules\ConnectManager\Components\Connect->get_connect_status(): Status check error. Reason: User is not connected
[22-Apr-2025 14:21:48 UTC] PHP Fatal error:  Uncaught Error: Call to a member function get_id() on null in C:\Users\tania\Local Sites\la-vie-des-plantes\app\public\wp-content\plugins\woolentor-addons\woolentor-blocks\includes\classes\Api\Api.php:354
Stack trace:
#0 C:\Users\tania\Local Sites\la-vie-des-plantes\app\public\wp-includes\rest-api\class-wp-rest-server.php(1292): WooLentorBlocks\Api\Api->get_last_product_data(Object(WP_REST_Request))
#1 C:\Users\tania\Local Sites\la-vie-des-plantes\app\public\wp-includes\rest-api\class-wp-rest-server.php(1125): WP_REST_Server->respond_to_request(Object(WP_REST_Request), '/woolentor/v1/s...', Array, NULL)
#2 C:\Users\tania\Local Sites\la-vie-des-plantes\app\public\wp-includes\rest-api\class-wp-rest-server.php(439): WP_REST_Server->dispatch(Object(WP_REST_Request))
#3 C:\Users\tania\Local Sites\la-vie-des-plantes\app\public\wp-includes\rest-api.php(449): WP_REST_Server->serve_request('/woolentor/v1/s...')
#4 C:\Users\tania\Local Sites\la-vie-des-plantes\app\public\wp-includes\class-wp-hook.php(324): rest_api_loaded(Object(WP))
#5 C:\Users\tania\Local Sites\la-vie-des-plantes\app\public\wp-includes\class-wp-hook.php(348): WP_Hook->apply_filters(NULL, Array)
#6 C:\Users\tania\Local Sites\la-vie-des-plantes\app\public\wp-includes\plugin.php(565): WP_Hook->do_action(Array)
#7 C:\Users\tania\Local Sites\la-vie-des-plantes\app\public\wp-includes\class-wp.php(418): do_action_ref_array('parse_request', Array)
#8 C:\Users\tania\Local Sites\la-vie-des-plantes\app\public\wp-includes\class-wp.php(813): WP->parse_request('')
#9 C:\Users\tania\Local Sites\la-vie-des-plantes\app\public\wp-includes\functions.php(1336): WP->main('')
#10 C:\Users\tania\Local Sites\la-vie-des-plantes\app\public\wp-blog-header.php(16): wp()
#11 C:\Users\tania\Local Sites\la-vie-des-plantes\app\public\index.php(17): require('C:\\Users\\tania\\...')
#12 {main}
  thrown in C:\Users\tania\Local Sites\la-vie-des-plantes\app\public\wp-content\plugins\woolentor-addons\woolentor-blocks\includes\classes\Api\Api.php on line 354
[23-Apr-2025 07:04:27 UTC] [Image Optimizer]: info in ImageOptimization\Modules\ConnectManager\Components\Connect->get_connect_status(): Status check error. Reason: User is not connected
[23-Apr-2025 07:04:32 UTC] [Image Optimizer]: info in ImageOptimization\Modules\ConnectManager\Components\Connect->get_connect_status(): Status check error. Reason: User is not connected
[23-Apr-2025 07:04:37 UTC] [Image Optimizer]: info in ImageOptimization\Modules\ConnectManager\Components\Connect->get_connect_status(): Status check error. Reason: User is not connected
[23-Apr-2025 07:04:42 UTC] [Image Optimizer]: info in ImageOptimization\Modules\ConnectManager\Components\Connect->get_connect_status(): Status check error. Reason: User is not connected
[23-Apr-2025 07:04:47 UTC] [Image Optimizer]: info in ImageOptimization\Modules\ConnectManager\Components\Connect->get_connect_status(): Status check error. Reason: User is not connected
[23-Apr-2025 07:04:52 UTC] [Image Optimizer]: info in ImageOptimization\Modules\ConnectManager\Components\Connect->get_connect_status(): Status check error. Reason: User is not connected
[23-Apr-2025 07:04:57 UTC] [Image Optimizer]: info in ImageOptimization\Modules\ConnectManager\Components\Connect->get_connect_status(): Status check error. Reason: User is not connected
[23-Apr-2025 07:05:02 UTC] [Image Optimizer]: info in ImageOptimization\Modules\ConnectManager\Components\Connect->get_connect_status(): Status check error. Reason: User is not connected
[23-Apr-2025 07:05:48 UTC] PHP Fatal error:  Uncaught Error: Call to a member function get_gallery_image_ids() on bool in C:\Users\tania\Local Sites\la-vie-des-plantes\app\public\wp-content\plugins\elementor\modules\ai\module.php:348
Stack trace:
#0 C:\Users\tania\Local Sites\la-vie-des-plantes\app\public\wp-includes\class-wp-hook.php(324): Elementor\Modules\Ai\Module->get_product_images_ajax('')
#1 C:\Users\tania\Local Sites\la-vie-des-plantes\app\public\wp-includes\class-wp-hook.php(348): WP_Hook->apply_filters('', Array)
#2 C:\Users\tania\Local Sites\la-vie-des-plantes\app\public\wp-includes\plugin.php(517): WP_Hook->do_action(Array)
#3 C:\Users\tania\Local Sites\la-vie-des-plantes\app\public\wp-admin\admin-ajax.php(192): do_action('wp_ajax_element...')
#4 {main}
  thrown in C:\Users\tania\Local Sites\la-vie-des-plantes\app\public\wp-content\plugins\elementor\modules\ai\module.php on line 348
[23-Apr-2025 07:12:04 UTC] [Image Optimizer]: info in ImageOptimization\Modules\ConnectManager\Components\Connect->get_connect_status(): Status check error. Reason: User is not connected
[23-Apr-2025 07:12:09 UTC] [Image Optimizer]: info in ImageOptimization\Modules\ConnectManager\Components\Connect->get_connect_status(): Status check error. Reason: User is not connected
[23-Apr-2025 07:12:14 UTC] [Image Optimizer]: info in ImageOptimization\Modules\ConnectManager\Components\Connect->get_connect_status(): Status check error. Reason: User is not connected
[23-Apr-2025 07:12:19 UTC] [Image Optimizer]: info in ImageOptimization\Modules\ConnectManager\Components\Connect->get_connect_status(): Status check error. Reason: User is not connected
[23-Apr-2025 07:16:00 UTC] PHP Fatal error:  Uncaught Error: Call to a member function get_gallery_image_ids() on bool in C:\Users\tania\Local Sites\la-vie-des-plantes\app\public\wp-content\plugins\elementor\modules\ai\module.php:348
Stack trace:
#0 C:\Users\tania\Local Sites\la-vie-des-plantes\app\public\wp-includes\class-wp-hook.php(324): Elementor\Modules\Ai\Module->get_product_images_ajax('')
#1 C:\Users\tania\Local Sites\la-vie-des-plantes\app\public\wp-includes\class-wp-hook.php(348): WP_Hook->apply_filters('', Array)
#2 C:\Users\tania\Local Sites\la-vie-des-plantes\app\public\wp-includes\plugin.php(517): WP_Hook->do_action(Array)
#3 C:\Users\tania\Local Sites\la-vie-des-plantes\app\public\wp-admin\admin-ajax.php(192): do_action('wp_ajax_element...')
#4 {main}
  thrown in C:\Users\tania\Local Sites\la-vie-des-plantes\app\public\wp-content\plugins\elementor\modules\ai\module.php on line 348
[23-Apr-2025 07:21:36 UTC] [Image Optimizer]: info in ImageOptimization\Modules\ConnectManager\Components\Connect->get_connect_status(): Status check error. Reason: User is not connected
[23-Apr-2025 07:21:41 UTC] [Image Optimizer]: info in ImageOptimization\Modules\ConnectManager\Components\Connect->get_connect_status(): Status check error. Reason: User is not connected
[23-Apr-2025 07:22:24 UTC] PHP Fatal error:  Uncaught Error: Call to a member function get_gallery_image_ids() on bool in C:\Users\tania\Local Sites\la-vie-des-plantes\app\public\wp-content\plugins\elementor\modules\ai\module.php:348
Stack trace:
#0 C:\Users\tania\Local Sites\la-vie-des-plantes\app\public\wp-includes\class-wp-hook.php(324): Elementor\Modules\Ai\Module->get_product_images_ajax('')
#1 C:\Users\tania\Local Sites\la-vie-des-plantes\app\public\wp-includes\class-wp-hook.php(348): WP_Hook->apply_filters('', Array)
#2 C:\Users\tania\Local Sites\la-vie-des-plantes\app\public\wp-includes\plugin.php(517): WP_Hook->do_action(Array)
#3 C:\Users\tania\Local Sites\la-vie-des-plantes\app\public\wp-admin\admin-ajax.php(192): do_action('wp_ajax_element...')
#4 {main}
  thrown in C:\Users\tania\Local Sites\la-vie-des-plantes\app\public\wp-content\plugins\elementor\modules\ai\module.php on line 348
[23-Apr-2025 07:22:59 UTC] PHP Fatal error:  Uncaught Error: Call to a member function get_gallery_image_ids() on bool in C:\Users\tania\Local Sites\la-vie-des-plantes\app\public\wp-content\plugins\elementor\modules\ai\module.php:348
Stack trace:
#0 C:\Users\tania\Local Sites\la-vie-des-plantes\app\public\wp-includes\class-wp-hook.php(324): Elementor\Modules\Ai\Module->get_product_images_ajax('')
#1 C:\Users\tania\Local Sites\la-vie-des-plantes\app\public\wp-includes\class-wp-hook.php(348): WP_Hook->apply_filters('', Array)
#2 C:\Users\tania\Local Sites\la-vie-des-plantes\app\public\wp-includes\plugin.php(517): WP_Hook->do_action(Array)
#3 C:\Users\tania\Local Sites\la-vie-des-plantes\app\public\wp-admin\admin-ajax.php(192): do_action('wp_ajax_element...')
#4 {main}
  thrown in C:\Users\tania\Local Sites\la-vie-des-plantes\app\public\wp-content\plugins\elementor\modules\ai\module.php on line 348
[23-Apr-2025 07:25:46 UTC] PHP Fatal error:  Uncaught Error: Call to a member function get_gallery_image_ids() on bool in C:\Users\tania\Local Sites\la-vie-des-plantes\app\public\wp-content\plugins\elementor\modules\ai\module.php:348
Stack trace:
#0 C:\Users\tania\Local Sites\la-vie-des-plantes\app\public\wp-includes\class-wp-hook.php(324): Elementor\Modules\Ai\Module->get_product_images_ajax('')
#1 C:\Users\tania\Local Sites\la-vie-des-plantes\app\public\wp-includes\class-wp-hook.php(348): WP_Hook->apply_filters('', Array)
#2 C:\Users\tania\Local Sites\la-vie-des-plantes\app\public\wp-includes\plugin.php(517): WP_Hook->do_action(Array)
#3 C:\Users\tania\Local Sites\la-vie-des-plantes\app\public\wp-admin\admin-ajax.php(192): do_action('wp_ajax_element...')
#4 {main}
  thrown in C:\Users\tania\Local Sites\la-vie-des-plantes\app\public\wp-content\plugins\elementor\modules\ai\module.php on line 348
[23-Apr-2025 07:26:41 UTC] [Image Optimizer]: info in ImageOptimization\Modules\ConnectManager\Components\Connect->get_connect_status(): Status check error. Reason: User is not connected
[23-Apr-2025 07:27:47 UTC] PHP Fatal error:  Uncaught Error: Call to a member function get_gallery_image_ids() on bool in C:\Users\tania\Local Sites\la-vie-des-plantes\app\public\wp-content\plugins\elementor\modules\ai\module.php:348
Stack trace:
#0 C:\Users\tania\Local Sites\la-vie-des-plantes\app\public\wp-includes\class-wp-hook.php(324): Elementor\Modules\Ai\Module->get_product_images_ajax('')
#1 C:\Users\tania\Local Sites\la-vie-des-plantes\app\public\wp-includes\class-wp-hook.php(348): WP_Hook->apply_filters('', Array)
#2 C:\Users\tania\Local Sites\la-vie-des-plantes\app\public\wp-includes\plugin.php(517): WP_Hook->do_action(Array)
#3 C:\Users\tania\Local Sites\la-vie-des-plantes\app\public\wp-admin\admin-ajax.php(192): do_action('wp_ajax_element...')
#4 {main}
  thrown in C:\Users\tania\Local Sites\la-vie-des-plantes\app\public\wp-content\plugins\elementor\modules\ai\module.php on line 348
[23-Apr-2025 07:32:22 UTC] [Image Optimizer]: info in ImageOptimization\Modules\ConnectManager\Components\Connect->get_connect_status(): Status check error. Reason: User is not connected
[23-Apr-2025 07:32:27 UTC] [Image Optimizer]: info in ImageOptimization\Modules\ConnectManager\Components\Connect->get_connect_status(): Status check error. Reason: User is not connected
[23-Apr-2025 07:32:33 UTC] [Image Optimizer]: info in ImageOptimization\Modules\ConnectManager\Components\Connect->get_connect_status(): Status check error. Reason: User is not connected
[23-Apr-2025 08:10:33 UTC] Erreur dvnement de replanification de tche pour le crochet action_scheduler_run_queue. Code derreur:could_not_set. Message derreur:La liste des vnements planifis na pas pu tre sauvegarde.. Donnes:{"schedule":"every_minute","args":["WP Cron"],"interval":60}
[23-Apr-2025 09:11:30 UTC] PHP Warning:  Undefined array key "" in C:\Users\tania\Local Sites\la-vie-des-plantes\app\public\wp-content\plugins\woocommerce\src\StoreApi\Utilities\PaymentUtils.php on line 109
[23-Apr-2025 09:11:37 UTC] PHP Warning:  Undefined array key "" in C:\Users\tania\Local Sites\la-vie-des-plantes\app\public\wp-content\plugins\woocommerce\src\StoreApi\Utilities\PaymentUtils.php on line 109
[23-Apr-2025 09:11:39 UTC] PHP Warning:  Undefined array key "" in C:\Users\tania\Local Sites\la-vie-des-plantes\app\public\wp-content\plugins\woocommerce\src\StoreApi\Utilities\PaymentUtils.php on line 109
[23-Apr-2025 09:47:49 UTC] Erreur dvnement de replanification de tche pour le crochet action_scheduler_run_queue. Code derreur:could_not_set. Message derreur:La liste des vnements planifis na pas pu tre sauvegarde.. Donnes:{"schedule":"every_minute","args":["WP Cron"],"interval":60}
[23-Apr-2025 15:07:41 UTC] PHP Warning:  Undefined variable $orderedby in C:\Users\tania\Local Sites\la-vie-des-plantes\app\public\wp-content\plugins\woocommerce\templates\loop\result-count.php on line 32
[23-Apr-2025 15:10:28 UTC] PHP Warning:  Undefined variable $orderedby in C:\Users\tania\Local Sites\la-vie-des-plantes\app\public\wp-content\plugins\woocommerce\templates\loop\result-count.php on line 32
[23-Apr-2025 15:10:40 UTC] PHP Warning:  Undefined variable $orderedby in C:\Users\tania\Local Sites\la-vie-des-plantes\app\public\wp-content\plugins\woocommerce\templates\loop\result-count.php on line 32
[24-Apr-2025 06:33:14 UTC] Erreur dvnement de replanification de tche pour le crochet action_scheduler_run_queue. Code derreur:could_not_set. Message derreur:La liste des vnements planifis na pas pu tre sauvegarde.. Donnes:{"schedule":"every_minute","args":["WP Cron"],"interval":60}
